#
# There is insufficient memory for the Java Runtime Environment to continue.
# Native memory allocation (malloc) failed to allocate 1133776 bytes for Chunk::new
# Possible reasons:
#   The system is out of physical RAM or swap space
#   The process is running with CompressedOops enabled, and the Java Heap may be blocking the growth of the native heap
# Possible solutions:
#   Reduce memory load on the system
#   Increase physical memory or swap space
#   Check if swap backing store is full
#   Decrease Java heap size (-Xmx/-Xms)
#   Decrease number of Java threads
#   Decrease Java thread stack sizes (-Xss)
#   Set larger code cache with -XX:ReservedCodeCacheSize=
#   JVM is running with Unscaled Compressed Oops mode in which the Java heap is
#     placed in the first 4GB address space. The Java Heap base address is the
#     maximum limit for the native heap growth. Please use -XX:HeapBaseMinAddress
#     to set the Java Heap base and to place the Java Heap above 4GB virtual address.
# This output file may be truncated or incomplete.
#
#  Out of Memory Error (arena.cpp:184), pid=8732, tid=8208
#
# JRE version: OpenJDK Runtime Environment (19.0.2+7) (build 19.0.2+7-44)
# Java VM: OpenJDK 64-Bit Server VM (19.0.2+7-44, mixed mode, sharing, tiered, compressed oops, compressed class ptrs, g1 gc, windows-amd64)
# No core dump will be written. Minidumps are not enabled by default on client versions of Windows
#

---------------  S U M M A R Y ------------

Command Line: -javaagent:C:\Program Files\JetBrains\IntelliJ IDEA Community Edition 2022.2.1\lib\idea_rt.jar=49757:C:\Program Files\JetBrains\IntelliJ IDEA Community Edition 2022.2.1\bin -Dfile.encoding=UTF-8 -Dsun.stdout.encoding=UTF-8 -Dsun.stderr.encoding=UTF-8 co.develhope.swagger.SwaggerApplication

Host: Intel(R) Celeron(R) CPU B830 @ 1.80GHz, 2 cores, 5G,  Windows 10 , 64 bit Build 19041 (10.0.19041.2546)
Time: Thu Apr 20 19:35:37 2023 ora legale Europa occidentale elapsed time: 6.326053 seconds (0d 0h 0m 6s)

---------------  T H R E A D  ---------------

Current thread (0x00000191c226a2d0):  JavaThread "C2 CompilerThread0" daemon [_thread_in_native, id=8208, stack(0x0000003205800000,0x0000003205900000)]


Current CompileTask:
C2:   6326 2110   !   4       java.net.URL::<init> (543 bytes)

Stack: [0x0000003205800000,0x0000003205900000]
Native frames: (J=compiled Java code, j=interpreted, Vv=VM code, C=native code)
V  [jvm.dll+0x6ee21a]
V  [jvm.dll+0x85765e]
V  [jvm.dll+0x85904e]
V  [jvm.dll+0x859703]
V  [jvm.dll+0x28298f]
V  [jvm.dll+0xc9adf]
V  [jvm.dll+0xc9e65]
V  [jvm.dll+0x3bca12]
V  [jvm.dll+0x3860e1]
V  [jvm.dll+0x38555a]
V  [jvm.dll+0x24c3d9]
V  [jvm.dll+0x24b781]
V  [jvm.dll+0x1d6ce1]
V  [jvm.dll+0x25b25a]
V  [jvm.dll+0x2596e8]
V  [jvm.dll+0x807588]
V  [jvm.dll+0x80125a]
V  [jvm.dll+0x6ecf0b]
C  [ucrtbase.dll+0x21bb2]
C  [KERNEL32.DLL+0x17614]
C  [ntdll.dll+0x526a1]


---------------  P R O C E S S  ---------------

Threads class SMR info:
_java_thread_list=0x00000191c769b3d0, length=15, elements={
0x00000191a5a552b0, 0x00000191c2261d90, 0x00000191c2262d20, 0x00000191c2266ad0,
0x00000191c2268410, 0x00000191c2268d40, 0x00000191c2269670, 0x00000191c226a2d0,
0x00000191c22d5a80, 0x00000191c22d81b0, 0x00000191a5b1e270, 0x00000191c69147d0,
0x00000191c6914d10, 0x00000191c6fd9840, 0x00000191c6e66050
}

Java Threads: ( => current thread )
  0x00000191a5a552b0 JavaThread "main" [_thread_blocked, id=1132, stack(0x0000003204a00000,0x0000003204b00000)]
  0x00000191c2261d90 JavaThread "Reference Handler" daemon [_thread_blocked, id=3264, stack(0x0000003205200000,0x0000003205300000)]
  0x00000191c2262d20 JavaThread "Finalizer" daemon [_thread_blocked, id=7184, stack(0x0000003205300000,0x0000003205400000)]
  0x00000191c2266ad0 JavaThread "Signal Dispatcher" daemon [_thread_blocked, id=5328, stack(0x0000003205400000,0x0000003205500000)]
  0x00000191c2268410 JavaThread "Attach Listener" daemon [_thread_blocked, id=7472, stack(0x0000003205500000,0x0000003205600000)]
  0x00000191c2268d40 JavaThread "Service Thread" daemon [_thread_blocked, id=7040, stack(0x0000003205600000,0x0000003205700000)]
  0x00000191c2269670 JavaThread "Monitor Deflation Thread" daemon [_thread_blocked, id=8228, stack(0x0000003205700000,0x0000003205800000)]
=>0x00000191c226a2d0 JavaThread "C2 CompilerThread0" daemon [_thread_in_native, id=8208, stack(0x0000003205800000,0x0000003205900000)]
  0x00000191c22d5a80 JavaThread "C1 CompilerThread0" daemon [_thread_blocked, id=1500, stack(0x0000003205900000,0x0000003205a00000)]
  0x00000191c22d81b0 JavaThread "Sweeper thread" daemon [_thread_blocked, id=3748, stack(0x0000003205a00000,0x0000003205b00000)]
  0x00000191a5b1e270 JavaThread "Common-Cleaner" daemon [_thread_blocked, id=6172, stack(0x0000003205b00000,0x0000003205c00000)]
  0x00000191c69147d0 JavaThread "Monitor Ctrl-Break" daemon [_thread_in_native, id=8148, stack(0x0000003205d00000,0x0000003205e00000)]
  0x00000191c6914d10 JavaThread "Notification Thread" daemon [_thread_blocked, id=6004, stack(0x0000003205e00000,0x0000003205f00000)]
  0x00000191c6fd9840 JavaThread "Thread-0" [_thread_blocked, id=8280, stack(0x0000003206000000,0x0000003206100000)]
  0x00000191c6e66050 JavaThread "restartedMain" [_thread_blocked, id=8740, stack(0x0000003206100000,0x0000003206200000)]

Other Threads:
  0x00000191c224a500 VMThread "VM Thread" [stack: 0x0000003205100000,0x0000003205200000] [id=8584]
  0x00000191c69303c0 WatcherThread "VM Periodic Task Thread" [stack: 0x0000003205f00000,0x0000003206000000] [id=8772]
  0x00000191a5aa25f0 WorkerThread "GC Thread#0" [stack: 0x0000003204c00000,0x0000003204d00000] [id=7304]
  0x00000191c690a940 WorkerThread "GC Thread#1" [stack: 0x0000003205c00000,0x0000003205d00000] [id=7240]
  0x00000191a5ab2630 ConcurrentGCThread "G1 Main Marker" [stack: 0x0000003204d00000,0x0000003204e00000] [id=5720]
  0x00000191a5ab3200 WorkerThread "G1 Conc#0" [stack: 0x0000003204e00000,0x0000003204f00000] [id=3876]
  0x00000191a5b15800 ConcurrentGCThread "G1 Refine#0" [stack: 0x0000003204f00000,0x0000003205000000] [id=9832]
  0x00000191a5b16340 ConcurrentGCThread "G1 Service" [stack: 0x0000003205000000,0x0000003205100000] [id=4976]

Threads with active compile tasks:
C2 CompilerThread0     6361 2110   !   4       java.net.URL::<init> (543 bytes)

VM state: at safepoint (normal execution)

VM Mutex/Monitor currently owned by a thread:  ([mutex/lock_event])
[0x00000191a5a536d0] Threads_lock - owner thread: 0x00000191c224a500
[0x00000191a5a52950] Heap_lock - owner thread: 0x00000191c6e66050

Heap address: 0x00000000a1a00000, size: 1510 MB, Compressed Oops mode: 32-bit

CDS archive(s) mapped at: [0x0000000800000000-0x0000000800c40000-0x0000000800c40000), size 12845056, SharedBaseAddress: 0x0000000800000000, ArchiveRelocationMode: 0.
Compressed class space mapped at: 0x0000000801000000-0x0000000841000000, reserved size: 1073741824
Narrow klass base: 0x0000000800000000, Narrow klass shift: 0, Narrow klass range: 0x100000000

GC Precious Log:
 CardTable entry size: 512
 Card Set container configuration: InlinePtr #cards 5 size 8 Array Of Cards #cards 12 size 40 Howl #buckets 4 coarsen threshold 1843 Howl Bitmap #cards 512 size 80 coarsen threshold 460 Card regions per heap region 1 cards per card region 2048
 CPUs: 2 total, 2 available
 Memory: 6033M
 Large Page Support: Disabled
 NUMA Support: Disabled
 Compressed Oops: Enabled (32-bit)
 Heap Region Size: 1M
 Heap Min Capacity: 8M
 Heap Initial Capacity: 96M
 Heap Max Capacity: 1510M
 Pre-touch: Disabled
 Parallel Workers: 2
 Concurrent Workers: 1
 Concurrent Refinement Workers: 2
 Periodic GC: Disabled

Heap:
 garbage-first heap   total 98304K, used 48689K [0x00000000a1a00000, 0x0000000100000000)
  region size 1024K, 43 young (44032K), 1 survivors (1024K)
 Metaspace       used 16679K, committed 16896K, reserved 1114112K
  class space    used 1973K, committed 2048K, reserved 1048576K

Heap Regions: E=young(eden), S=young(survivor), O=old, HS=humongous(starts), HC=humongous(continues), CS=collection set, F=free, OA=open archive, CA=closed archive, TAMS=top-at-mark-start (previous, next)
|   0|0x00000000a1a00000, 0x00000000a1b00000, 0x00000000a1b00000|100%| O|  |TAMS 0x00000000a1a00000, 0x00000000a1a00000| Untracked 
|   1|0x00000000a1b00000, 0x00000000a1c00000, 0x00000000a1c00000|100%| O|  |TAMS 0x00000000a1b00000, 0x00000000a1b00000| Untracked 
|   2|0x00000000a1c00000, 0x00000000a1d00000, 0x00000000a1d00000|100%| O|  |TAMS 0x00000000a1c00000, 0x00000000a1c00000| Untracked 
|   3|0x00000000a1d00000, 0x00000000a1df7a00, 0x00000000a1e00000| 96%| O|  |TAMS 0x00000000a1d00000, 0x00000000a1d00000| Untracked 
|   4|0x00000000a1e00000, 0x00000000a1e00000, 0x00000000a1f00000|  0%| F|  |TAMS 0x00000000a1e00000, 0x00000000a1e00000| Untracked 
|   5|0x00000000a1f00000, 0x00000000a1f00000, 0x00000000a2000000|  0%| F|  |TAMS 0x00000000a1f00000, 0x00000000a1f00000| Untracked 
|   6|0x00000000a2000000, 0x00000000a2000000, 0x00000000a2100000|  0%| F|  |TAMS 0x00000000a2000000, 0x00000000a2000000| Untracked 
|   7|0x00000000a2100000, 0x00000000a2100000, 0x00000000a2200000|  0%| F|  |TAMS 0x00000000a2100000, 0x00000000a2100000| Untracked 
|   8|0x00000000a2200000, 0x00000000a2200000, 0x00000000a2300000|  0%| F|  |TAMS 0x00000000a2200000, 0x00000000a2200000| Untracked 
|   9|0x00000000a2300000, 0x00000000a2300000, 0x00000000a2400000|  0%| F|  |TAMS 0x00000000a2300000, 0x00000000a2300000| Untracked 
|  10|0x00000000a2400000, 0x00000000a2400000, 0x00000000a2500000|  0%| F|  |TAMS 0x00000000a2400000, 0x00000000a2400000| Untracked 
|  11|0x00000000a2500000, 0x00000000a2500000, 0x00000000a2600000|  0%| F|  |TAMS 0x00000000a2500000, 0x00000000a2500000| Untracked 
|  12|0x00000000a2600000, 0x00000000a2600000, 0x00000000a2700000|  0%| F|  |TAMS 0x00000000a2600000, 0x00000000a2600000| Untracked 
|  13|0x00000000a2700000, 0x00000000a2700000, 0x00000000a2800000|  0%| F|  |TAMS 0x00000000a2700000, 0x00000000a2700000| Untracked 
|  14|0x00000000a2800000, 0x00000000a2800000, 0x00000000a2900000|  0%| F|  |TAMS 0x00000000a2800000, 0x00000000a2800000| Untracked 
|  15|0x00000000a2900000, 0x00000000a2900000, 0x00000000a2a00000|  0%| F|  |TAMS 0x00000000a2900000, 0x00000000a2900000| Untracked 
|  16|0x00000000a2a00000, 0x00000000a2a00000, 0x00000000a2b00000|  0%| F|  |TAMS 0x00000000a2a00000, 0x00000000a2a00000| Untracked 
|  17|0x00000000a2b00000, 0x00000000a2b00000, 0x00000000a2c00000|  0%| F|  |TAMS 0x00000000a2b00000, 0x00000000a2b00000| Untracked 
|  18|0x00000000a2c00000, 0x00000000a2c00000, 0x00000000a2d00000|  0%| F|  |TAMS 0x00000000a2c00000, 0x00000000a2c00000| Untracked 
|  19|0x00000000a2d00000, 0x00000000a2d00000, 0x00000000a2e00000|  0%| F|  |TAMS 0x00000000a2d00000, 0x00000000a2d00000| Untracked 
|  20|0x00000000a2e00000, 0x00000000a2e00000, 0x00000000a2f00000|  0%| F|  |TAMS 0x00000000a2e00000, 0x00000000a2e00000| Untracked 
|  21|0x00000000a2f00000, 0x00000000a2f00000, 0x00000000a3000000|  0%| F|  |TAMS 0x00000000a2f00000, 0x00000000a2f00000| Untracked 
|  22|0x00000000a3000000, 0x00000000a3000000, 0x00000000a3100000|  0%| F|  |TAMS 0x00000000a3000000, 0x00000000a3000000| Untracked 
|  23|0x00000000a3100000, 0x00000000a3100000, 0x00000000a3200000|  0%| F|  |TAMS 0x00000000a3100000, 0x00000000a3100000| Untracked 
|  24|0x00000000a3200000, 0x00000000a3200000, 0x00000000a3300000|  0%| F|  |TAMS 0x00000000a3200000, 0x00000000a3200000| Untracked 
|  25|0x00000000a3300000, 0x00000000a3300000, 0x00000000a3400000|  0%| F|  |TAMS 0x00000000a3300000, 0x00000000a3300000| Untracked 
|  26|0x00000000a3400000, 0x00000000a3400000, 0x00000000a3500000|  0%| F|  |TAMS 0x00000000a3400000, 0x00000000a3400000| Untracked 
|  27|0x00000000a3500000, 0x00000000a3500000, 0x00000000a3600000|  0%| F|  |TAMS 0x00000000a3500000, 0x00000000a3500000| Untracked 
|  28|0x00000000a3600000, 0x00000000a3600000, 0x00000000a3700000|  0%| F|  |TAMS 0x00000000a3600000, 0x00000000a3600000| Untracked 
|  29|0x00000000a3700000, 0x00000000a3700000, 0x00000000a3800000|  0%| F|  |TAMS 0x00000000a3700000, 0x00000000a3700000| Untracked 
|  30|0x00000000a3800000, 0x00000000a3800000, 0x00000000a3900000|  0%| F|  |TAMS 0x00000000a3800000, 0x00000000a3800000| Untracked 
|  31|0x00000000a3900000, 0x00000000a3900000, 0x00000000a3a00000|  0%| F|  |TAMS 0x00000000a3900000, 0x00000000a3900000| Untracked 
|  32|0x00000000a3a00000, 0x00000000a3a00000, 0x00000000a3b00000|  0%| F|  |TAMS 0x00000000a3a00000, 0x00000000a3a00000| Untracked 
|  33|0x00000000a3b00000, 0x00000000a3b00000, 0x00000000a3c00000|  0%| F|  |TAMS 0x00000000a3b00000, 0x00000000a3b00000| Untracked 
|  34|0x00000000a3c00000, 0x00000000a3c00000, 0x00000000a3d00000|  0%| F|  |TAMS 0x00000000a3c00000, 0x00000000a3c00000| Untracked 
|  35|0x00000000a3d00000, 0x00000000a3d00000, 0x00000000a3e00000|  0%| F|  |TAMS 0x00000000a3d00000, 0x00000000a3d00000| Untracked 
|  36|0x00000000a3e00000, 0x00000000a3e00000, 0x00000000a3f00000|  0%| F|  |TAMS 0x00000000a3e00000, 0x00000000a3e00000| Untracked 
|  37|0x00000000a3f00000, 0x00000000a3f00000, 0x00000000a4000000|  0%| F|  |TAMS 0x00000000a3f00000, 0x00000000a3f00000| Untracked 
|  38|0x00000000a4000000, 0x00000000a4000000, 0x00000000a4100000|  0%| F|  |TAMS 0x00000000a4000000, 0x00000000a4000000| Untracked 
|  39|0x00000000a4100000, 0x00000000a4100000, 0x00000000a4200000|  0%| F|  |TAMS 0x00000000a4100000, 0x00000000a4100000| Untracked 
|  40|0x00000000a4200000, 0x00000000a4200000, 0x00000000a4300000|  0%| F|  |TAMS 0x00000000a4200000, 0x00000000a4200000| Untracked 
|  41|0x00000000a4300000, 0x00000000a4300000, 0x00000000a4400000|  0%| F|  |TAMS 0x00000000a4300000, 0x00000000a4300000| Untracked 
|  42|0x00000000a4400000, 0x00000000a4400000, 0x00000000a4500000|  0%| F|  |TAMS 0x00000000a4400000, 0x00000000a4400000| Untracked 
|  43|0x00000000a4500000, 0x00000000a4500000, 0x00000000a4600000|  0%| F|  |TAMS 0x00000000a4500000, 0x00000000a4500000| Untracked 
|  44|0x00000000a4600000, 0x00000000a4600000, 0x00000000a4700000|  0%| F|  |TAMS 0x00000000a4600000, 0x00000000a4600000| Untracked 
|  45|0x00000000a4700000, 0x00000000a4700000, 0x00000000a4800000|  0%| F|  |TAMS 0x00000000a4700000, 0x00000000a4700000| Untracked 
|  46|0x00000000a4800000, 0x00000000a4800000, 0x00000000a4900000|  0%| F|  |TAMS 0x00000000a4800000, 0x00000000a4800000| Untracked 
|  47|0x00000000a4900000, 0x00000000a4900000, 0x00000000a4a00000|  0%| F|  |TAMS 0x00000000a4900000, 0x00000000a4900000| Untracked 
|  48|0x00000000a4a00000, 0x00000000a4a00000, 0x00000000a4b00000|  0%| F|  |TAMS 0x00000000a4a00000, 0x00000000a4a00000| Untracked 
|  49|0x00000000a4b00000, 0x00000000a4b00000, 0x00000000a4c00000|  0%| F|  |TAMS 0x00000000a4b00000, 0x00000000a4b00000| Untracked 
|  50|0x00000000a4c00000, 0x00000000a4c00000, 0x00000000a4d00000|  0%| F|  |TAMS 0x00000000a4c00000, 0x00000000a4c00000| Untracked 
|  51|0x00000000a4d00000, 0x00000000a4de2258, 0x00000000a4e00000| 88%| S|  |TAMS 0x00000000a4d00000, 0x00000000a4d00000| Complete 
|  52|0x00000000a4e00000, 0x00000000a4f00000, 0x00000000a4f00000|100%| E|CS|TAMS 0x00000000a4e00000, 0x00000000a4e00000| Complete 
|  53|0x00000000a4f00000, 0x00000000a5000000, 0x00000000a5000000|100%| E|CS|TAMS 0x00000000a4f00000, 0x00000000a4f00000| Complete 
|  54|0x00000000a5000000, 0x00000000a5100000, 0x00000000a5100000|100%| E|CS|TAMS 0x00000000a5000000, 0x00000000a5000000| Complete 
|  55|0x00000000a5100000, 0x00000000a5200000, 0x00000000a5200000|100%| E|CS|TAMS 0x00000000a5100000, 0x00000000a5100000| Complete 
|  56|0x00000000a5200000, 0x00000000a5300000, 0x00000000a5300000|100%| E|CS|TAMS 0x00000000a5200000, 0x00000000a5200000| Complete 
|  57|0x00000000a5300000, 0x00000000a5400000, 0x00000000a5400000|100%| E|CS|TAMS 0x00000000a5300000, 0x00000000a5300000| Complete 
|  58|0x00000000a5400000, 0x00000000a5500000, 0x00000000a5500000|100%| E|CS|TAMS 0x00000000a5400000, 0x00000000a5400000| Complete 
|  59|0x00000000a5500000, 0x00000000a5600000, 0x00000000a5600000|100%| E|CS|TAMS 0x00000000a5500000, 0x00000000a5500000| Complete 
|  60|0x00000000a5600000, 0x00000000a5700000, 0x00000000a5700000|100%| E|CS|TAMS 0x00000000a5600000, 0x00000000a5600000| Complete 
|  61|0x00000000a5700000, 0x00000000a5800000, 0x00000000a5800000|100%| E|CS|TAMS 0x00000000a5700000, 0x00000000a5700000| Complete 
|  62|0x00000000a5800000, 0x00000000a5900000, 0x00000000a5900000|100%| E|CS|TAMS 0x00000000a5800000, 0x00000000a5800000| Complete 
|  63|0x00000000a5900000, 0x00000000a5a00000, 0x00000000a5a00000|100%| E|CS|TAMS 0x00000000a5900000, 0x00000000a5900000| Complete 
|  64|0x00000000a5a00000, 0x00000000a5b00000, 0x00000000a5b00000|100%| E|CS|TAMS 0x00000000a5a00000, 0x00000000a5a00000| Complete 
|  65|0x00000000a5b00000, 0x00000000a5c00000, 0x00000000a5c00000|100%| E|CS|TAMS 0x00000000a5b00000, 0x00000000a5b00000| Complete 
|  66|0x00000000a5c00000, 0x00000000a5d00000, 0x00000000a5d00000|100%| E|CS|TAMS 0x00000000a5c00000, 0x00000000a5c00000| Complete 
|  67|0x00000000a5d00000, 0x00000000a5e00000, 0x00000000a5e00000|100%| E|CS|TAMS 0x00000000a5d00000, 0x00000000a5d00000| Complete 
|  68|0x00000000a5e00000, 0x00000000a5f00000, 0x00000000a5f00000|100%| E|CS|TAMS 0x00000000a5e00000, 0x00000000a5e00000| Complete 
|  69|0x00000000a5f00000, 0x00000000a6000000, 0x00000000a6000000|100%| E|CS|TAMS 0x00000000a5f00000, 0x00000000a5f00000| Complete 
|  70|0x00000000a6000000, 0x00000000a6100000, 0x00000000a6100000|100%| E|CS|TAMS 0x00000000a6000000, 0x00000000a6000000| Complete 
|  71|0x00000000a6100000, 0x00000000a6200000, 0x00000000a6200000|100%| E|CS|TAMS 0x00000000a6100000, 0x00000000a6100000| Complete 
|  72|0x00000000a6200000, 0x00000000a6300000, 0x00000000a6300000|100%| E|CS|TAMS 0x00000000a6200000, 0x00000000a6200000| Complete 
|  73|0x00000000a6300000, 0x00000000a6400000, 0x00000000a6400000|100%| E|CS|TAMS 0x00000000a6300000, 0x00000000a6300000| Complete 
|  74|0x00000000a6400000, 0x00000000a6500000, 0x00000000a6500000|100%| E|CS|TAMS 0x00000000a6400000, 0x00000000a6400000| Complete 
|  75|0x00000000a6500000, 0x00000000a6600000, 0x00000000a6600000|100%| E|CS|TAMS 0x00000000a6500000, 0x00000000a6500000| Complete 
|  76|0x00000000a6600000, 0x00000000a6700000, 0x00000000a6700000|100%| E|CS|TAMS 0x00000000a6600000, 0x00000000a6600000| Complete 
|  77|0x00000000a6700000, 0x00000000a6800000, 0x00000000a6800000|100%| E|CS|TAMS 0x00000000a6700000, 0x00000000a6700000| Complete 
|  78|0x00000000a6800000, 0x00000000a6900000, 0x00000000a6900000|100%| E|CS|TAMS 0x00000000a6800000, 0x00000000a6800000| Complete 
|  79|0x00000000a6900000, 0x00000000a6a00000, 0x00000000a6a00000|100%| E|CS|TAMS 0x00000000a6900000, 0x00000000a6900000| Complete 
|  80|0x00000000a6a00000, 0x00000000a6b00000, 0x00000000a6b00000|100%| E|CS|TAMS 0x00000000a6a00000, 0x00000000a6a00000| Complete 
|  81|0x00000000a6b00000, 0x00000000a6c00000, 0x00000000a6c00000|100%| E|CS|TAMS 0x00000000a6b00000, 0x00000000a6b00000| Complete 
|  82|0x00000000a6c00000, 0x00000000a6d00000, 0x00000000a6d00000|100%| E|CS|TAMS 0x00000000a6c00000, 0x00000000a6c00000| Complete 
|  83|0x00000000a6d00000, 0x00000000a6e00000, 0x00000000a6e00000|100%| E|CS|TAMS 0x00000000a6d00000, 0x00000000a6d00000| Complete 
|  84|0x00000000a6e00000, 0x00000000a6f00000, 0x00000000a6f00000|100%| E|CS|TAMS 0x00000000a6e00000, 0x00000000a6e00000| Complete 
|  85|0x00000000a6f00000, 0x00000000a6f94b00, 0x00000000a7000000| 58%| E|CS|TAMS 0x00000000a6f00000, 0x00000000a6f00000| Complete 
|  86|0x00000000a7000000, 0x00000000a7100000, 0x00000000a7100000|100%| E|CS|TAMS 0x00000000a7000000, 0x00000000a7000000| Complete 
|  87|0x00000000a7100000, 0x00000000a7200000, 0x00000000a7200000|100%| E|CS|TAMS 0x00000000a7100000, 0x00000000a7100000| Complete 
|  88|0x00000000a7200000, 0x00000000a7300000, 0x00000000a7300000|100%| E|CS|TAMS 0x00000000a7200000, 0x00000000a7200000| Complete 
|  89|0x00000000a7300000, 0x00000000a7400000, 0x00000000a7400000|100%| E|CS|TAMS 0x00000000a7300000, 0x00000000a7300000| Complete 
|  90|0x00000000a7400000, 0x00000000a7500000, 0x00000000a7500000|100%| E|CS|TAMS 0x00000000a7400000, 0x00000000a7400000| Complete 
|  91|0x00000000a7500000, 0x00000000a7600000, 0x00000000a7600000|100%| E|CS|TAMS 0x00000000a7500000, 0x00000000a7500000| Complete 
|  92|0x00000000a7600000, 0x00000000a7700000, 0x00000000a7700000|100%| E|CS|TAMS 0x00000000a7600000, 0x00000000a7600000| Complete 
|  93|0x00000000a7700000, 0x00000000a7800000, 0x00000000a7800000|100%| E|CS|TAMS 0x00000000a7700000, 0x00000000a7700000| Complete 
|  94|0x00000000a7800000, 0x00000000a7900000, 0x00000000a7900000|100%| E|CS|TAMS 0x00000000a7800000, 0x00000000a7800000| Complete 
|  95|0x00000000a7900000, 0x00000000a7a00000, 0x00000000a7a00000|100%| E|CS|TAMS 0x00000000a7900000, 0x00000000a7900000| Complete 

Card table byte_map: [0x00000191bc9b0000,0x00000191bccb0000] _byte_map_base: 0x00000191bc4a3000

Marking Bits (Prev, Next): (CMBitMap*) 0x00000191a5aa4030, (CMBitMap*) 0x00000191a5aa4070
 Prev Bits: [0x00000191bcfb0000, 0x00000191be748000)
 Next Bits: [0x00000191be750000, 0x00000191bfee8000)

Polling page: 0x00000191a3a00000

Metaspace:

Usage:
  Non-class:     14.36 MB used.
      Class:      1.93 MB used.
       Both:     16.29 MB used.

Virtual space:
  Non-class space:       64.00 MB reserved,      14.50 MB ( 23%) committed,  1 nodes.
      Class space:        1.00 GB reserved,       2.00 MB ( <1%) committed,  1 nodes.
             Both:        1.06 GB reserved,      16.50 MB (  2%) committed. 

Chunk freelists:
   Non-Class:  592.00 KB
       Class:  1.94 MB
        Both:  2.52 MB

MaxMetaspaceSize: unlimited
CompressedClassSpaceSize: 1.00 GB
Initial GC threshold: 21.00 MB
Current GC threshold: 21.00 MB
CDS: on
MetaspaceReclaimPolicy: balanced
 - commit_granule_bytes: 65536.
 - commit_granule_words: 8192.
 - virtual_space_node_default_size: 8388608.
 - enlarge_chunks_in_place: 1.
 - new_chunks_are_fully_committed: 0.
 - uncommit_free_chunks: 1.
 - use_allocation_guard: 0.


Internal statistics:

num_allocs_failed_limit: 0.
num_arena_births: 230.
num_arena_deaths: 0.
num_vsnodes_births: 2.
num_vsnodes_deaths: 0.
num_space_committed: 264.
num_space_uncommitted: 0.
num_chunks_returned_to_freelist: 0.
num_chunks_taken_from_freelist: 772.
num_chunk_merges: 0.
num_chunk_splits: 524.
num_chunks_enlarged: 410.
num_inconsistent_stats: 0.

CodeHeap 'non-profiled nmethods': size=120064Kb used=735Kb max_used=735Kb free=119328Kb
 bounds [0x00000191b5470000, 0x00000191b56e0000, 0x00000191bc9b0000]
CodeHeap 'profiled nmethods': size=120000Kb used=4101Kb max_used=4101Kb free=115898Kb
 bounds [0x00000191ad9b0000, 0x00000191addc0000, 0x00000191b4ee0000]
CodeHeap 'non-nmethods': size=5696Kb used=1276Kb max_used=1292Kb free=4419Kb
 bounds [0x00000191b4ee0000, 0x00000191b5150000, 0x00000191b5470000]
 total_blobs=2622 nmethods=2130 adapters=403
 compilation: enabled
              stopped_count=0, restarted_count=0
 full_count=0

Compilation events (20 events):
Event: 6.200 Thread 0x00000191c22d5a80 2117       3       java.util.concurrent.ConcurrentHashMap$EntryIterator::next (5 bytes)
Event: 6.200 Thread 0x00000191c22d5a80 nmethod 2117 0x00000191adda7c90 code [0x00000191adda7e40, 0x00000191adda7f88]
Event: 6.200 Thread 0x00000191c22d5a80 2118       3       java.util.concurrent.ConcurrentHashMap$MapEntry::<init> (20 bytes)
Event: 6.200 Thread 0x00000191c22d5a80 nmethod 2118 0x00000191adda8010 code [0x00000191adda81c0, 0x00000191adda8438]
Event: 6.201 Thread 0x00000191c22d5a80 2119       3       java.util.concurrent.ConcurrentHashMap$EntryIterator::next (51 bytes)
Event: 6.201 Thread 0x00000191c22d5a80 nmethod 2119 0x00000191adda8510 code [0x00000191adda8700, 0x00000191adda8c18]
Event: 6.232 Thread 0x00000191c22d5a80 2120       3       java.lang.ReflectiveOperationException::<init> (7 bytes)
Event: 6.233 Thread 0x00000191c22d5a80 nmethod 2120 0x00000191adda8d90 code [0x00000191adda8f40, 0x00000191adda90c8]
Event: 6.233 Thread 0x00000191c22d5a80 2121       3       java.lang.ClassNotFoundException::<init> (7 bytes)
Event: 6.234 Thread 0x00000191c22d5a80 nmethod 2121 0x00000191adda9190 code [0x00000191adda9340, 0x00000191adda9548]
Event: 6.243 Thread 0x00000191c22d5a80 2122   !   3       java.security.AccessController::doPrivileged (26 bytes)
Event: 6.244 Thread 0x00000191c22d5a80 nmethod 2122 0x00000191adda9690 code [0x00000191adda98a0, 0x00000191adda9dc8]
Event: 6.259 Thread 0x00000191c22d5a80 2123       3       org.springframework.util.StringUtils::delimitedListToStringArray (7 bytes)
Event: 6.259 Thread 0x00000191c22d5a80 nmethod 2123 0x00000191addaa090 code [0x00000191addaa240, 0x00000191addaa368]
Event: 6.278 Thread 0x00000191c22d5a80 2124       3       java.util.Arrays$ArrayList::size (6 bytes)
Event: 6.279 Thread 0x00000191c22d5a80 nmethod 2124 0x00000191addaa410 code [0x00000191addaa5a0, 0x00000191addaa6b8]
Event: 6.291 Thread 0x00000191c22d5a80 2125       3       java.lang.NamedPackage::<init> (59 bytes)
Event: 6.292 Thread 0x00000191c22d5a80 nmethod 2125 0x00000191addaa790 code [0x00000191addaaa20, 0x00000191addab468]
Event: 6.319 Thread 0x00000191c22d5a80 2127       3       java.lang.Throwable::<init> (39 bytes)
Event: 6.320 Thread 0x00000191c22d5a80 nmethod 2127 0x00000191addab890 code [0x00000191addaba60, 0x00000191addabe88]

GC Heap History (6 events):
Event: 1.821 GC heap before
{Heap before GC invocations=0 (full 0):
 garbage-first heap   total 98304K, used 6144K [0x00000000a1a00000, 0x0000000100000000)
  region size 1024K, 6 young (6144K), 0 survivors (0K)
 Metaspace       used 908K, committed 1088K, reserved 1114112K
  class space    used 59K, committed 128K, reserved 1048576K
}
Event: 1.839 GC heap after
{Heap after GC invocations=1 (full 0):
 garbage-first heap   total 98304K, used 4013K [0x00000000a1a00000, 0x0000000100000000)
  region size 1024K, 1 young (1024K), 1 survivors (1024K)
 Metaspace       used 908K, committed 1088K, reserved 1114112K
  class space    used 59K, committed 128K, reserved 1048576K
}
Event: 2.305 GC heap before
{Heap before GC invocations=1 (full 0):
 garbage-first heap   total 98304K, used 7085K [0x00000000a1a00000, 0x0000000100000000)
  region size 1024K, 4 young (4096K), 1 survivors (1024K)
 Metaspace       used 2638K, committed 2816K, reserved 1114112K
  class space    used 221K, committed 320K, reserved 1048576K
}
Event: 2.311 GC heap after
{Heap after GC invocations=2 (full 0):
 garbage-first heap   total 98304K, used 5014K [0x00000000a1a00000, 0x0000000100000000)
  region size 1024K, 1 young (1024K), 1 survivors (1024K)
 Metaspace       used 2638K, committed 2816K, reserved 1114112K
  class space    used 221K, committed 320K, reserved 1048576K
}
Event: 3.050 GC heap before
{Heap before GC invocations=2 (full 0):
 garbage-first heap   total 98304K, used 12182K [0x00000000a1a00000, 0x0000000100000000)
  region size 1024K, 9 young (9216K), 1 survivors (1024K)
 Metaspace       used 5034K, committed 5312K, reserved 1114112K
  class space    used 519K, committed 640K, reserved 1048576K
}
Event: 3.057 GC heap after
{Heap after GC invocations=3 (full 0):
 garbage-first heap   total 98304K, used 5681K [0x00000000a1a00000, 0x0000000100000000)
  region size 1024K, 2 young (2048K), 2 survivors (2048K)
 Metaspace       used 5034K, committed 5312K, reserved 1114112K
  class space    used 519K, committed 640K, reserved 1048576K
}

Dll operation events (13 events):
Event: 0.058 Loaded shared library C:\Users\Utente-PC\.jdks\openjdk-19.0.2\bin\java.dll
Event: 0.078 Loaded shared library C:\Users\Utente-PC\.jdks\openjdk-19.0.2\bin\jsvml.dll
Event: 0.430 Loaded shared library C:\Users\Utente-PC\.jdks\openjdk-19.0.2\bin\zip.dll
Event: 0.436 Loaded shared library C:\Users\Utente-PC\.jdks\openjdk-19.0.2\bin\instrument.dll
Event: 0.447 Loaded shared library C:\Users\Utente-PC\.jdks\openjdk-19.0.2\bin\net.dll
Event: 0.450 Loaded shared library C:\Users\Utente-PC\.jdks\openjdk-19.0.2\bin\nio.dll
Event: 0.455 Loaded shared library C:\Users\Utente-PC\.jdks\openjdk-19.0.2\bin\zip.dll
Event: 1.361 Loaded shared library C:\Users\Utente-PC\.jdks\openjdk-19.0.2\bin\jimage.dll
Event: 1.692 Loaded shared library C:\Program Files\JetBrains\IntelliJ IDEA Community Edition 2022.2.1\bin\breakgen64.dll
Event: 1.863 Loaded shared library C:\Users\Utente-PC\.jdks\openjdk-19.0.2\bin\extnet.dll
Event: 1.926 Loaded shared library C:\Users\Utente-PC\.jdks\openjdk-19.0.2\bin\verify.dll
Event: 2.884 Loaded shared library C:\Users\Utente-PC\.jdks\openjdk-19.0.2\bin\management.dll
Event: 2.890 Loaded shared library C:\Users\Utente-PC\.jdks\openjdk-19.0.2\bin\management_ext.dll

Deoptimization events (20 events):
Event: 6.186 Thread 0x00000191c6e66050 DEOPT PACKING pc=0x00000191adb045d1 sp=0x00000032061fe000
Event: 6.186 Thread 0x00000191c6e66050 DEOPT UNPACKING pc=0x00000191b4f47524 sp=0x00000032061fd4f8 mode 0
Event: 6.187 Thread 0x00000191c6e66050 DEOPT PACKING pc=0x00000191adb045d1 sp=0x00000032061fe000
Event: 6.187 Thread 0x00000191c6e66050 DEOPT UNPACKING pc=0x00000191b4f47524 sp=0x00000032061fd4f8 mode 0
Event: 6.189 Thread 0x00000191c6e66050 DEOPT PACKING pc=0x00000191adb045d1 sp=0x00000032061fe000
Event: 6.189 Thread 0x00000191c6e66050 DEOPT UNPACKING pc=0x00000191b4f47524 sp=0x00000032061fd4f8 mode 0
Event: 6.191 Thread 0x00000191c6e66050 DEOPT PACKING pc=0x00000191adb045d1 sp=0x00000032061fe000
Event: 6.191 Thread 0x00000191c6e66050 DEOPT UNPACKING pc=0x00000191b4f47524 sp=0x00000032061fd4f8 mode 0
Event: 6.196 Thread 0x00000191c6e66050 DEOPT PACKING pc=0x00000191adb045d1 sp=0x00000032061fdfa0
Event: 6.196 Thread 0x00000191c6e66050 DEOPT UNPACKING pc=0x00000191b4f47524 sp=0x00000032061fd490 mode 0
Event: 6.196 Thread 0x00000191c6e66050 DEOPT PACKING pc=0x00000191adb045d1 sp=0x00000032061fdfa0
Event: 6.196 Thread 0x00000191c6e66050 DEOPT UNPACKING pc=0x00000191b4f47524 sp=0x00000032061fd490 mode 0
Event: 6.197 Thread 0x00000191c6e66050 DEOPT PACKING pc=0x00000191adb045d1 sp=0x00000032061fdfa0
Event: 6.197 Thread 0x00000191c6e66050 DEOPT UNPACKING pc=0x00000191b4f47524 sp=0x00000032061fd490 mode 0
Event: 6.197 Thread 0x00000191c6e66050 DEOPT PACKING pc=0x00000191adb045d1 sp=0x00000032061fdfa0
Event: 6.197 Thread 0x00000191c6e66050 DEOPT UNPACKING pc=0x00000191b4f47524 sp=0x00000032061fd490 mode 0
Event: 6.199 Thread 0x00000191c6e66050 DEOPT PACKING pc=0x00000191adb045d1 sp=0x00000032061fdfa0
Event: 6.199 Thread 0x00000191c6e66050 DEOPT UNPACKING pc=0x00000191b4f47524 sp=0x00000032061fd490 mode 0
Event: 6.199 Thread 0x00000191c6e66050 DEOPT PACKING pc=0x00000191adb045d1 sp=0x00000032061fdfa0
Event: 6.199 Thread 0x00000191c6e66050 DEOPT UNPACKING pc=0x00000191b4f47524 sp=0x00000032061fd490 mode 0

Classes loaded (20 events):
Event: 5.815 Loading class java/util/AbstractList$ListItr
Event: 5.815 Loading class java/util/AbstractList$Itr
Event: 5.815 Loading class java/util/AbstractList$Itr done
Event: 5.816 Loading class java/util/AbstractList$ListItr done
Event: 5.869 Loading class java/util/concurrent/ConcurrentLinkedDeque$Itr
Event: 5.870 Loading class java/util/concurrent/ConcurrentLinkedDeque$AbstractItr
Event: 5.870 Loading class java/util/concurrent/ConcurrentLinkedDeque$AbstractItr done
Event: 5.870 Loading class java/util/concurrent/ConcurrentLinkedDeque$Itr done
Event: 5.896 Loading class java/net/SocketException
Event: 5.896 Loading class java/net/SocketException done
Event: 5.930 Loading class java/util/StringTokenizer
Event: 5.930 Loading class java/util/StringTokenizer done
Event: 5.930 Loading class java/util/regex/Pattern$Pos
Event: 5.930 Loading class java/util/regex/Pattern$Pos done
Event: 5.931 Loading class java/util/regex/Pattern$LazyLoop
Event: 5.932 Loading class java/util/regex/Pattern$LazyLoop done
Event: 6.045 Loading class java/lang/Deprecated
Event: 6.045 Loading class java/lang/Deprecated done
Event: 6.322 Loading class javax/naming/ldap/LdapContext
Event: 6.323 Loading class javax/naming/directory/DirContext

Classes unloaded (0 events):
No events

Classes redefined (0 events):
No events

Internal exceptions (20 events):
Event: 5.808 Thread 0x00000191c6e66050 Exception <a 'java/lang/ClassNotFoundException'{0x00000000a57938d0}: org/springframework/context/annotation/ConfigurationClassPostProcessorCustomizer> (0x00000000a57938d0) 
thrown [s\open\src\hotspot\share\classfile\systemDictionary.cpp, line 255]
Event: 5.819 Thread 0x00000191c6e66050 Exception <a 'java/lang/ClassNotFoundException'{0x00000000a563ee10}: org/springframework/beans/factory/support/BeanDefinitionRegistryPostProcessorCustomizer> (0x00000000a563ee10) 
thrown [s\open\src\hotspot\share\classfile\systemDictionary.cpp, line 255]
Event: 5.820 Thread 0x00000191c6e66050 Exception <a 'java/lang/ClassNotFoundException'{0x00000000a5643780}: org/springframework/beans/factory/config/BeanFactoryPostProcessorCustomizer> (0x00000000a5643780) 
thrown [s\open\src\hotspot\share\classfile\systemDictionary.cpp, line 255]
Event: 5.827 Thread 0x00000191c6e66050 Exception <a 'java/lang/ClassNotFoundException'{0x00000000a5647d08}: org/springframework/core/PriorityOrderedCustomizer> (0x00000000a5647d08) 
thrown [s\open\src\hotspot\share\classfile\systemDictionary.cpp, line 255]
Event: 5.827 Thread 0x00000191c6e66050 Exception <a 'java/lang/ClassNotFoundException'{0x00000000a564ef90}: org/springframework/core/OrderedCustomizer> (0x00000000a564ef90) 
thrown [s\open\src\hotspot\share\classfile\systemDictionary.cpp, line 255]
Event: 5.829 Thread 0x00000191c6e66050 Exception <a 'java/lang/ClassNotFoundException'{0x00000000a568cf70}: org/springframework/context/ResourceLoaderAwareCustomizer> (0x00000000a568cf70) 
thrown [s\open\src\hotspot\share\classfile\systemDictionary.cpp, line 255]
Event: 5.858 Thread 0x00000191c6e66050 Exception <a 'java/lang/ClassNotFoundException'{0x00000000a55389d0}: org/springframework/beans/factory/AwareCustomizer> (0x00000000a55389d0) 
thrown [s\open\src\hotspot\share\classfile\systemDictionary.cpp, line 255]
Event: 5.859 Thread 0x00000191c6e66050 Exception <a 'java/lang/ClassNotFoundException'{0x00000000a553c140}: org/springframework/context/ApplicationStartupAwareCustomizer> (0x00000000a553c140) 
thrown [s\open\src\hotspot\share\classfile\systemDictionary.cpp, line 255]
Event: 5.860 Thread 0x00000191c6e66050 Exception <a 'java/lang/ClassNotFoundException'{0x00000000a5540b58}: org/springframework/beans/factory/AwareCustomizer> (0x00000000a5540b58) 
thrown [s\open\src\hotspot\share\classfile\systemDictionary.cpp, line 255]
Event: 5.861 Thread 0x00000191c6e66050 Exception <a 'java/lang/ClassNotFoundException'{0x00000000a5544068}: org/springframework/beans/factory/BeanClassLoaderAwareCustomizer> (0x00000000a5544068) 
thrown [s\open\src\hotspot\share\classfile\systemDictionary.cpp, line 255]
Event: 5.863 Thread 0x00000191c6e66050 Exception <a 'java/lang/ClassNotFoundException'{0x00000000a55487f0}: org/springframework/beans/factory/AwareCustomizer> (0x00000000a55487f0) 
thrown [s\open\src\hotspot\share\classfile\systemDictionary.cpp, line 255]
Event: 5.864 Thread 0x00000191c6e66050 Exception <a 'java/lang/ClassNotFoundException'{0x00000000a554bd70}: org/springframework/context/EnvironmentAwareCustomizer> (0x00000000a554bd70) 
thrown [s\open\src\hotspot\share\classfile\systemDictionary.cpp, line 255]
Event: 5.865 Thread 0x00000191c6e66050 Exception <a 'java/lang/ClassNotFoundException'{0x00000000a5550508}: org/springframework/beans/factory/AwareCustomizer> (0x00000000a5550508) 
thrown [s\open\src\hotspot\share\classfile\systemDictionary.cpp, line 255]
Event: 5.921 Thread 0x00000191c6e66050 Exception <a 'java/lang/NoSuchMethodError'{0x00000000a5359c30}: 'java.lang.Object java.lang.invoke.DirectMethodHandle$Holder.invokeVirtual(java.lang.Object, java.lang.Object, java.lang.Object)'> (0x00000000a5359c30) 
thrown [s\open\src\hotspot\share\interpreter\linkResolver.cpp, line 774]
Event: 5.954 Thread 0x00000191c72e27d0 Exception <a 'java/lang/NoSuchMethodError'{0x00000000a53bfdf8}: 'long java.lang.invoke.DirectMethodHandle$Holder.invokeSpecial(java.lang.Object, java.lang.Object)'> (0x00000000a53bfdf8) 
thrown [s\open\src\hotspot\share\interpreter\linkResolver.cpp, line 774]
Event: 5.982 Thread 0x00000191c72e27d0 Exception <a 'java/lang/NoSuchMethodError'{0x00000000a53cb090}: 'long java.lang.invoke.DirectMethodHandle$Holder.invokeStatic(java.lang.Object, java.lang.Object)'> (0x00000000a53cb090) 
thrown [s\open\src\hotspot\share\interpreter\linkResolver.cpp, line 774]
Event: 5.983 Thread 0x00000191c72e27d0 Exception <a 'java/lang/NoSuchMethodError'{0x00000000a53ce698}: 'long java.lang.invoke.DirectMethodHandle$Holder.invokeStaticInit(java.lang.Object, java.lang.Object)'> (0x00000000a53ce698) 
thrown [s\open\src\hotspot\share\interpreter\linkResolver.cpp, line 774]
Event: 5.992 Thread 0x00000191c72e27d0 Exception <a 'java/lang/NoSuchMethodError'{0x00000000a53dc650}: 'long java.lang.invoke.DirectMethodHandle$Holder.invokeInterface(java.lang.Object, java.lang.Object)'> (0x00000000a53dc650) 
thrown [s\open\src\hotspot\share\interpreter\linkResolver.cpp, line 774]
Event: 5.992 Thread 0x00000191c72e27d0 Exception <a 'java/lang/IncompatibleClassChangeError'{0x00000000a53dfbe8}: Found class java.lang.Object, but interface was expected> (0x00000000a53dfbe8) 
thrown [s\open\src\hotspot\share\interpreter\linkResolver.cpp, line 841]
Event: 6.016 Thread 0x00000191c72e27d0 Exception <a 'java/lang/NoSuchMethodError'{0x00000000a52977f8}: 'java.lang.Object java.lang.invoke.DirectMethodHandle$Holder.invokeVirtual(java.lang.Object, java.lang.Object, java.lang.Object, java.lang.Object)'> (0x00000000a52977f8) 
thrown [s\open\src\hotspot\share\interpreter\linkResolver.cpp, line 774]

VM Operations (20 events):
Event: 3.049 Executing VM operation: G1CollectForAllocation
Event: 3.057 Executing VM operation: G1CollectForAllocation done
Event: 3.263 Executing VM operation: HandshakeAllThreads
Event: 3.263 Executing VM operation: HandshakeAllThreads done
Event: 4.053 Executing VM operation: HandshakeAllThreads
Event: 4.053 Executing VM operation: HandshakeAllThreads done
Event: 4.478 Executing VM operation: ICBufferFull
Event: 4.478 Executing VM operation: ICBufferFull done
Event: 5.016 Executing VM operation: HandshakeAllThreads
Event: 5.016 Executing VM operation: HandshakeAllThreads done
Event: 5.016 Executing VM operation: HandshakeAllThreads
Event: 5.017 Executing VM operation: HandshakeAllThreads done
Event: 5.620 Executing VM operation: HandshakeAllThreads
Event: 5.620 Executing VM operation: HandshakeAllThreads done
Event: 5.620 Executing VM operation: Cleanup
Event: 5.621 Executing VM operation: Cleanup done
Event: 5.798 Executing VM operation: HandshakeAllThreads
Event: 5.798 Executing VM operation: HandshakeAllThreads done
Event: 5.900 Executing VM operation: HandshakeAllThreads
Event: 5.900 Executing VM operation: HandshakeAllThreads done

Events (18 events):
Event: 0.079 Thread 0x00000191a5a552b0 Thread added: 0x00000191a5a552b0
Event: 0.113 Thread 0x00000191c2261d90 Thread added: 0x00000191c2261d90
Event: 0.113 Thread 0x00000191c2262d20 Thread added: 0x00000191c2262d20
Event: 0.116 Thread 0x00000191c2266ad0 Thread added: 0x00000191c2266ad0
Event: 0.116 Thread 0x00000191c2268410 Thread added: 0x00000191c2268410
Event: 0.116 Thread 0x00000191c2268d40 Thread added: 0x00000191c2268d40
Event: 0.116 Thread 0x00000191c2269670 Thread added: 0x00000191c2269670
Event: 0.116 Thread 0x00000191c226a2d0 Thread added: 0x00000191c226a2d0
Event: 0.134 Thread 0x00000191c22d5a80 Thread added: 0x00000191c22d5a80
Event: 0.140 Thread 0x00000191c22d81b0 Thread added: 0x00000191c22d81b0
Event: 0.344 Thread 0x00000191a5b1e270 Thread added: 0x00000191a5b1e270
Event: 1.694 Thread 0x00000191c69147d0 Thread added: 0x00000191c69147d0
Event: 1.694 Thread 0x00000191c6914d10 Thread added: 0x00000191c6914d10
Event: 3.005 Thread 0x00000191c6fd9840 Thread added: 0x00000191c6fd9840
Event: 3.026 Thread 0x00000191c6e66050 Thread added: 0x00000191c6e66050
Event: 4.698 Thread 0x00000191c72e27d0 Thread added: 0x00000191c72e27d0
Event: 6.022 Thread 0x00000191c72e27d0 Thread exited: 0x00000191c72e27d0
Event: 6.211 Thread 0x00000191c711b830 Thread added: 0x00000191c711b830


Dynamic libraries:
0x00007ff72c4f0000 - 0x00007ff72c4fe000 	C:\Users\Utente-PC\.jdks\openjdk-19.0.2\bin\java.exe
0x00007ffd49470000 - 0x00007ffd49668000 	C:\Windows\SYSTEM32\ntdll.dll
0x00007ffd49130000 - 0x00007ffd491ef000 	C:\Windows\System32\KERNEL32.DLL
0x00007ffd46e50000 - 0x00007ffd47122000 	C:\Windows\System32\KERNELBASE.dll
0x00007ffd47260000 - 0x00007ffd47360000 	C:\Windows\System32\ucrtbase.dll
0x00007ffd406d0000 - 0x00007ffd406e7000 	C:\Users\Utente-PC\.jdks\openjdk-19.0.2\bin\jli.dll
0x00007ffd47c90000 - 0x00007ffd47e31000 	C:\Windows\System32\USER32.dll
0x00007ffd46c20000 - 0x00007ffd46c42000 	C:\Windows\System32\win32u.dll
0x00007ffd47900000 - 0x00007ffd4792b000 	C:\Windows\System32\GDI32.dll
0x00007ffd46cd0000 - 0x00007ffd46ddf000 	C:\Windows\System32\gdi32full.dll
0x00007ffd471c0000 - 0x00007ffd4725d000 	C:\Windows\System32\msvcp_win.dll
0x00007ffd40270000 - 0x00007ffd4028b000 	C:\Users\Utente-PC\.jdks\openjdk-19.0.2\bin\VCRUNTIME140.dll
0x00007ffd33e60000 - 0x00007ffd340fa000 	C:\Windows\WinSxS\amd64_microsoft.windows.common-controls_6595b64144ccf1df_6.0.19041.1110_none_60b5254171f9507e\COMCTL32.dll
0x00007ffd48b10000 - 0x00007ffd48bae000 	C:\Windows\System32\msvcrt.dll
0x00007ffd49400000 - 0x00007ffd49430000 	C:\Windows\System32\IMM32.DLL
0x00007ffd418a0000 - 0x00007ffd418ac000 	C:\Users\Utente-PC\.jdks\openjdk-19.0.2\bin\vcruntime140_1.dll
0x00007ffd299b0000 - 0x00007ffd29a3e000 	C:\Users\Utente-PC\.jdks\openjdk-19.0.2\bin\msvcp140.dll
0x00007ffd1aa20000 - 0x00007ffd1b6e0000 	C:\Users\Utente-PC\.jdks\openjdk-19.0.2\bin\server\jvm.dll
0x00007ffd48bb0000 - 0x00007ffd48c5e000 	C:\Windows\System32\ADVAPI32.dll
0x00007ffd47e40000 - 0x00007ffd47edc000 	C:\Windows\System32\sechost.dll
0x00007ffd47930000 - 0x00007ffd47a54000 	C:\Windows\System32\RPCRT4.dll
0x00007ffd44380000 - 0x00007ffd44389000 	C:\Windows\SYSTEM32\WSOCK32.dll
0x00007ffd47c20000 - 0x00007ffd47c8b000 	C:\Windows\System32\WS2_32.dll
0x00007ffd375d0000 - 0x00007ffd375f7000 	C:\Windows\SYSTEM32\WINMM.dll
0x00007ffd37730000 - 0x00007ffd3773a000 	C:\Windows\SYSTEM32\VERSION.dll
0x00007ffd44a30000 - 0x00007ffd44a42000 	C:\Windows\SYSTEM32\kernel.appcore.dll
0x00007ffd40250000 - 0x00007ffd4025a000 	C:\Users\Utente-PC\.jdks\openjdk-19.0.2\bin\jimage.dll
0x00007ffd35ba0000 - 0x00007ffd35d84000 	C:\Windows\SYSTEM32\DBGHELP.DLL
0x00007ffd356f0000 - 0x00007ffd35725000 	C:\Windows\SYSTEM32\dbgcore.DLL
0x00007ffd47130000 - 0x00007ffd471b2000 	C:\Windows\System32\bcryptPrimitives.dll
0x00007ffd3fe40000 - 0x00007ffd3fe4e000 	C:\Users\Utente-PC\.jdks\openjdk-19.0.2\bin\instrument.dll
0x00007ffd35610000 - 0x00007ffd35636000 	C:\Users\Utente-PC\.jdks\openjdk-19.0.2\bin\java.dll
0x00007ffd26df0000 - 0x00007ffd26ec7000 	C:\Users\Utente-PC\.jdks\openjdk-19.0.2\bin\jsvml.dll
0x00007ffd48210000 - 0x00007ffd48955000 	C:\Windows\System32\SHELL32.dll
0x00007ffd44c30000 - 0x00007ffd453c2000 	C:\Windows\SYSTEM32\windows.storage.dll
0x00007ffd475a0000 - 0x00007ffd478f5000 	C:\Windows\System32\combase.dll
0x00007ffd464f0000 - 0x00007ffd46520000 	C:\Windows\SYSTEM32\Wldp.dll
0x00007ffd47ee0000 - 0x00007ffd47f8d000 	C:\Windows\System32\SHCORE.dll
0x00007ffd49320000 - 0x00007ffd49375000 	C:\Windows\System32\shlwapi.dll
0x00007ffd46ab0000 - 0x00007ffd46acf000 	C:\Windows\SYSTEM32\profapi.dll
0x00007ffd3c470000 - 0x00007ffd3c488000 	C:\Users\Utente-PC\.jdks\openjdk-19.0.2\bin\zip.dll
0x00007ffd355f0000 - 0x00007ffd35603000 	C:\Users\Utente-PC\.jdks\openjdk-19.0.2\bin\net.dll
0x00007ffd3c1a0000 - 0x00007ffd3c2aa000 	C:\Windows\SYSTEM32\WINHTTP.dll
0x00007ffd46250000 - 0x00007ffd462ba000 	C:\Windows\system32\mswsock.dll
0x00007ffd348b0000 - 0x00007ffd348c6000 	C:\Users\Utente-PC\.jdks\openjdk-19.0.2\bin\nio.dll
0x00007ffd34780000 - 0x00007ffd3479a000 	C:\Program Files\JetBrains\IntelliJ IDEA Community Edition 2022.2.1\bin\breakgen64.dll
0x00007ffd37690000 - 0x00007ffd37698000 	C:\Users\Utente-PC\.jdks\openjdk-19.0.2\bin\extnet.dll
0x00007ffd359d0000 - 0x00007ffd359e0000 	C:\Users\Utente-PC\.jdks\openjdk-19.0.2\bin\verify.dll
0x00007ffd356a0000 - 0x00007ffd356aa000 	C:\Users\Utente-PC\.jdks\openjdk-19.0.2\bin\management.dll
0x00007ffd355e0000 - 0x00007ffd355eb000 	C:\Users\Utente-PC\.jdks\openjdk-19.0.2\bin\management_ext.dll
0x00007ffd491f0000 - 0x00007ffd491f8000 	C:\Windows\System32\PSAPI.DLL
0x00007ffd32770000 - 0x00007ffd32787000 	C:\Windows\system32\napinsp.dll
0x00007ffd32750000 - 0x00007ffd3276b000 	C:\Windows\system32\pnrpnsp.dll
0x00007ffd38a40000 - 0x00007ffd38a55000 	C:\Windows\system32\wshbth.dll
0x00007ffd424a0000 - 0x00007ffd424bd000 	C:\Windows\system32\NLAapi.dll
0x00007ffd45f40000 - 0x00007ffd45f7b000 	C:\Windows\SYSTEM32\IPHLPAPI.DLL
0x00007ffd45f90000 - 0x00007ffd4605b000 	C:\Windows\SYSTEM32\DNSAPI.dll
0x00007ffd47c00000 - 0x00007ffd47c08000 	C:\Windows\System32\NSI.dll
0x00007ffd32730000 - 0x00007ffd32742000 	C:\Windows\System32\winrnr.dll
0x00007ffd39ff0000 - 0x00007ffd39ffa000 	C:\Windows\System32\rasadhlp.dll
0x00007ffd3a340000 - 0x00007ffd3a3c0000 	C:\Windows\System32\fwpuclnt.dll
0x00007ffd46c50000 - 0x00007ffd46c77000 	C:\Windows\System32\bcrypt.dll

dbghelp: loaded successfully - version: 4.0.5 - missing functions: none
symbol engine: initialized successfully - sym options: 0x614 - pdb path: .;C:\Users\Utente-PC\.jdks\openjdk-19.0.2\bin;C:\Windows\SYSTEM32;C:\Windows\WinSxS\amd64_microsoft.windows.common-controls_6595b64144ccf1df_6.0.19041.1110_none_60b5254171f9507e;C:\Users\Utente-PC\.jdks\openjdk-19.0.2\bin\server;C:\Program Files\JetBrains\IntelliJ IDEA Community Edition 2022.2.1\bin

VM Arguments:
jvm_args: -javaagent:C:\Program Files\JetBrains\IntelliJ IDEA Community Edition 2022.2.1\lib\idea_rt.jar=49757:C:\Program Files\JetBrains\IntelliJ IDEA Community Edition 2022.2.1\bin -Dfile.encoding=UTF-8 -Dsun.stdout.encoding=UTF-8 -Dsun.stderr.encoding=UTF-8 
java_command: co.develhope.swagger.SwaggerApplication
java_class_path (initial): C:\Users\Utente-PC\Documents\Develhope\Swagger-1\swagger-1\target\classes;C:\Users\Utente-PC\.m2\repository\org\springframework\boot\spring-boot-starter-web\2.6.5\spring-boot-starter-web-2.6.5.jar;C:\Users\Utente-PC\.m2\repository\org\springframework\boot\spring-boot-starter\2.6.5\spring-boot-starter-2.6.5.jar;C:\Users\Utente-PC\.m2\repository\org\springframework\boot\spring-boot-starter-logging\2.6.5\spring-boot-starter-logging-2.6.5.jar;C:\Users\Utente-PC\.m2\repository\ch\qos\logback\logback-classic\1.2.11\logback-classic-1.2.11.jar;C:\Users\Utente-PC\.m2\repository\ch\qos\logback\logback-core\1.2.11\logback-core-1.2.11.jar;C:\Users\Utente-PC\.m2\repository\org\apache\logging\log4j\log4j-to-slf4j\2.17.2\log4j-to-slf4j-2.17.2.jar;C:\Users\Utente-PC\.m2\repository\org\apache\logging\log4j\log4j-api\2.17.2\log4j-api-2.17.2.jar;C:\Users\Utente-PC\.m2\repository\org\slf4j\jul-to-slf4j\1.7.36\jul-to-slf4j-1.7.36.jar;C:\Users\Utente-PC\.m2\repository\jakarta\annotation\jakarta.annotation-api\1.3.5\jakarta.annotation-api-1.3.5.jar;C:\Users\Utente-PC\.m2\repository\org\yaml\snakeyaml\1.29\snakeyaml-1.29.jar;C:\Users\Utente-PC\.m2\repository\org\springframework\boot\spring-boot-starter-json\2.6.5\spring-boot-starter-json-2.6.5.jar;C:\Users\Utente-PC\.m2\repository\com\fasterxml\jackson\core\jackson-databind\2.13.2\jackson-databind-2.13.2.jar;C:\Users\Utente-PC\.m2\repository\com\fasterxml\jackson\core\jackson-annotations\2.13.2\jackson-annotations-2.13.2.jar;C:\Users\Utente-PC\.m2\repository\com\fasterxml\jackson\core\jackson-core\2.13.2\jackson-core-2.13.2.jar;C:\Users\Utente-PC\.m2\repository\com\fasterxml\jackson\datatype\jackson-datatype-jdk8\2.13.2\jackson-datatype-jdk8-2.13.2.jar;C:\Users\Utente-PC\.m2\repository\com\fasterxml\jackson\datatype\jackson-datatype-jsr310\2.13.2\jackson-datatype-jsr310-2.13.2.jar;C:\Users\Utente-PC\.m2\repository\com\fasterxml\jackson\module\jackson-module-parameter-names\2.13.2\jackson-module-parameter-names-2.13.2.jar;C:\Users\Utente-PC\.m2\repository\org\springframework\boot\spring-boot-starter-tomcat\2.6.5\spring-boot-starter-tomcat-2.6.5.jar;C:\Users\Utente-PC\.m2\repository\org\apache\tomcat\embed\tomcat-embed-core\9.0.60\tomcat-embed-core-9.0.60.jar;C:\Users\Utente-PC\.m2\repository\org\apache\tomcat\embed\tomcat-embed-el\9.0.60\tomcat-embed-el-9.0.60.jar;C:\Users\Utente-PC\.m2\repository\org\apache\tomcat\embed\tomcat-embed-websocket\9.0.60\tomcat-embed-websocket-9.0.60.jar;C:\Users\Utente-PC\.m2\repository\org\springframework\spring-web\5.3.17\spring-web-5.3.17.jar;C:\Users\Utente-PC\.m2\repository\org\springframework\spring-beans\5.3.17\spring-beans-5.3.17.jar;C:\Users\Utente-PC\.m2\repository\org\springframework\spring-webmvc\5.3.17\spring-webmvc-5.3.17.jar;C:\Users\Utente-PC\.m2\repository\org\springframework\spring-aop\5.3.17\spring-aop-5.3.17.jar;C:\Users\Utente-PC\.m2\repository\org\springframework\spring-context\5.3.17\spring-context-5.3.17.jar;C:\Users\Utente-PC\.m2\repository\org\springframework\spring-expression\5.3.17\spring-expression-5.3.17.jar;C:\Users\Utente-PC\.m2\repository\org\springframework\boot\spring-boot-devtools\2.6.5\spring-boot-devtools-2.6.5.jar;C:\Users\Utente-PC\.m2\repository\org\springframework\boot\spring-boot\2.6.5\spring-boot-2.6.5.jar;C:\Users\Utente-PC\.m2\repository\org\springframework\boot\spring-boot-autoconfigure\2.6.5\spring-boot-autoconfigure-2.6.5.jar;C:\Users\Utente-PC\.m2\repository\org\projectlombok\lombok\1.18.22\lombok-1.18.22.jar;C:\Users\Utente-PC\.m2\repository\net\bytebuddy\byte-buddy\1.11.22\byte-buddy-1.11.22.jar;C:\Users\Utente-PC\.m2\repository\org\springframework\spring-core\5.3.17\spring-core-5.3.17.jar;C:\Users\Utente-PC\.m2\repository\org\springframework\spring-jcl\5.3.17\spring-jcl-5.3.17.jar;C:\Users\Utente-PC\.m2\repository\io\springfox\springfox-boot-starter\3.0.0\springfox-boot-starter-3.0.0.jar;C:\Users\Utente-PC\.m2\repository\io\springfox\springfox-oas\3.0.0\springfox-oas-3.0.0.jar;C:\Users\Utente-PC\.m2\repository\io\swagger\core\v3\swagger-annotations\2.1.2\swagger-annotations-2.1.2.jar;C:\Users\Utente-PC\.m2\repository\io\swagger\core\v3\swagger-models\2.1.2\swagger-models-2.1.2.jar;C:\Users\Utente-PC\.m2\repository\io\springfox\springfox-spi\3.0.0\springfox-spi-3.0.0.jar;C:\Users\Utente-PC\.m2\repository\io\springfox\springfox-schema\3.0.0\springfox-schema-3.0.0.jar;C:\Users\Utente-PC\.m2\repository\io\springfox\springfox-core\3.0.0\springfox-core-3.0.0.jar;C:\Users\Utente-PC\.m2\repository\io\springfox\springfox-spring-web\3.0.0\springfox-spring-web-3.0.0.jar;C:\Users\Utente-PC\.m2\repository\io\github\classgraph\classgraph\4.8.83\classgraph-4.8.83.jar;C:\Users\Utente-PC\.m2\repository\io\springfox\springfox-spring-webmvc\3.0.0\springfox-spring-webmvc-3.0.0.jar;C:\Users\Utente-PC\.m2\repository\io\springfox\springfox-spring-webflux\3.0.0\springfox-spring-webflux-3.0.0.jar;C:\Users\Utente-PC\.m2\repository\io\springfox\springfox-swagger-common\3.0.0\springfox-swagger-common-3.0.0.jar;C:\Users\Utente-PC\.m2\repository\org\mapstruct\mapstruct\1.3.1.Final\mapstruct-1.3.1.Final.jar;C:\Users\Utente-PC\.m2\repository\io\springfox\springfox-data-rest\3.0.0\springfox-data-rest-3.0.0.jar;C:\Users\Utente-PC\.m2\repository\io\springfox\springfox-bean-validators\3.0.0\springfox-bean-validators-3.0.0.jar;C:\Users\Utente-PC\.m2\repository\io\springfox\springfox-swagger2\3.0.0\springfox-swagger2-3.0.0.jar;C:\Users\Utente-PC\.m2\repository\io\swagger\swagger-annotations\1.5.20\swagger-annotations-1.5.20.jar;C:\Users\Utente-PC\.m2\repository\io\swagger\swagger-models\1.5.20\swagger-models-1.5.20.jar;C:\Users\Utente-PC\.m2\repository\io\springfox\springfox-swagger-ui\3.0.0\springfox-swagger-ui-3.0.0.jar;C:\Users\Utente-PC\.m2\repository\com\fasterxml\classmate\1.5.1\classmate-1.5.1.jar;C:\Users\Utente-PC\.m2\repository\org\slf4j\slf4j-api\1.7.36\slf4j-api-1.7.36.jar;C:\Users\Utente-PC\.m2\repository\org\springframework\plugin\spring-plugin-core\2.0.0.RELEASE\spring-plugin-core-2.0.0.RELEASE.jar;C:\Users\Utente-PC\.m2\repository\org\springframework\plugin\spring-plugin-metadata\2.0.0.RELEASE\spring-plugin-metadata-2.0.0.RELEASE.jar
Launcher Type: SUN_STANDARD

[Global flags]
     intx CICompilerCount                          = 2                                         {product} {ergonomic}
     uint ConcGCThreads                            = 1                                         {product} {ergonomic}
     uint G1ConcRefinementThreads                  = 2                                         {product} {ergonomic}
   size_t G1HeapRegionSize                         = 1048576                                   {product} {ergonomic}
    uintx GCDrainStackTargetSize                   = 64                                        {product} {ergonomic}
   size_t InitialHeapSize                          = 100663296                                 {product} {ergonomic}
   size_t MarkStackSize                            = 4194304                                   {product} {ergonomic}
   size_t MaxHeapSize                              = 1583349760                                {product} {ergonomic}
   size_t MaxNewSize                               = 950009856                                 {product} {ergonomic}
   size_t MinHeapDeltaBytes                        = 1048576                                   {product} {ergonomic}
   size_t MinHeapSize                              = 8388608                                   {product} {ergonomic}
    uintx NonNMethodCodeHeapSize                   = 5826188                                {pd product} {ergonomic}
    uintx NonProfiledCodeHeapSize                  = 122916026                              {pd product} {ergonomic}
    uintx ProfiledCodeHeapSize                     = 122916026                              {pd product} {ergonomic}
    uintx ReservedCodeCacheSize                    = 251658240                              {pd product} {ergonomic}
     bool SegmentedCodeCache                       = true                                      {product} {ergonomic}
   size_t SoftMaxHeapSize                          = 1583349760                             {manageable} {ergonomic}
     bool UseCompressedClassPointers               = true                           {product lp64_product} {ergonomic}
     bool UseCompressedOops                        = true                           {product lp64_product} {ergonomic}
     bool UseG1GC                                  = true                                      {product} {ergonomic}
     bool UseLargePagesIndividualAllocation        = false                                  {pd product} {ergonomic}

Logging:
Log output configuration:
 #0: stdout all=warning uptime,level,tags foldmultilines=false
 #1: stderr all=off uptime,level,tags foldmultilines=false

Environment Variables:
PATH=C:\Program Files\Common Files\Oracle\Java\javapath;C:\Program Files (x86)\NVIDIA Corporation\PhysX\Common;C:\Windows\system32;C:\Windows;C:\Windows\System32\Wbem;C:\Windows\System32\WindowsPowerShell\v1.0\;C:\Program Files\nodejs\;C:\Program Files\Git\cmd;C:\Program Files\MySQL\MySQL Shell 8.0\bin\;C:\Users\Utente-PC\AppData\Local\Microsoft\WindowsApps;;C:\Users\Utente-PC\AppData\Local\Programs\Microsoft VS Code\bin;C:\Users\Utente-PC\AppData\Roaming\npm
USERNAME=Utente-PC
OS=Windows_NT
PROCESSOR_IDENTIFIER=Intel64 Family 6 Model 42 Stepping 7, GenuineIntel
TMP=C:\Users\UTENTE~1\AppData\Local\Temp
TEMP=C:\Users\UTENTE~1\AppData\Local\Temp



---------------  S Y S T E M  ---------------

OS:
 Windows 10 , 64 bit Build 19041 (10.0.19041.2546)
OS uptime: 2 days 0:20 hours

CPU: total 2 (initial active 2) (2 cores per cpu, 1 threads per core) family 6 model 42 stepping 7 microcode 0x2f, cx8, cmov, fxsr, mmx, sse, sse2, sse3, ssse3, sse4.1, sse4.2, popcnt, tsc, tscinvbit, clmul, clflush, rdtscp

Memory: 4k page, system-wide physical 6033M (374M free)
TotalPageFile size 6033M (AvailPageFile size 5M)
current process WorkingSet (physical memory assigned to process): 125M, peak: 125M
current process commit charge ("private bytes"): 201M, peak: 202M

vm_info: OpenJDK 64-Bit Server VM (19.0.2+7-44) for windows-amd64 JRE (19.0.2+7-44), built on 2022-11-30T18:02:09Z by "mach5one" with MS VC++ 17.1 (VS2022)

END.
