#
# There is insufficient memory for the Java Runtime Environment to continue.
# Native memory allocation (malloc) failed to allocate 873776 bytes for Chunk::new
# Possible reasons:
#   The system is out of physical RAM or swap space
#   The process is running with CompressedOops enabled, and the Java Heap may be blocking the growth of the native heap
# Possible solutions:
#   Reduce memory load on the system
#   Increase physical memory or swap space
#   Check if swap backing store is full
#   Decrease Java heap size (-Xmx/-Xms)
#   Decrease number of Java threads
#   Decrease Java thread stack sizes (-Xss)
#   Set larger code cache with -XX:ReservedCodeCacheSize=
#   JVM is running with Unscaled Compressed Oops mode in which the Java heap is
#     placed in the first 4GB address space. The Java Heap base address is the
#     maximum limit for the native heap growth. Please use -XX:HeapBaseMinAddress
#     to set the Java Heap base and to place the Java Heap above 4GB virtual address.
# This output file may be truncated or incomplete.
#
#  Out of Memory Error (arena.cpp:184), pid=9940, tid=9784
#
# JRE version: OpenJDK Runtime Environment (19.0.2+7) (build 19.0.2+7-44)
# Java VM: OpenJDK 64-Bit Server VM (19.0.2+7-44, mixed mode, sharing, tiered, compressed oops, compressed class ptrs, g1 gc, windows-amd64)
# No core dump will be written. Minidumps are not enabled by default on client versions of Windows
#

---------------  S U M M A R Y ------------

Command Line: -javaagent:C:\Program Files\JetBrains\IntelliJ IDEA Community Edition 2022.2.1\lib\idea_rt.jar=49766:C:\Program Files\JetBrains\IntelliJ IDEA Community Edition 2022.2.1\bin -Dfile.encoding=UTF-8 -Dsun.stdout.encoding=UTF-8 -Dsun.stderr.encoding=UTF-8 co.develhope.swagger.SwaggerApplication

Host: Intel(R) Celeron(R) CPU B830 @ 1.80GHz, 2 cores, 5G,  Windows 10 , 64 bit Build 19041 (10.0.19041.2546)
Time: Thu Apr 20 19:36:40 2023 ora legale Europa occidentale elapsed time: 7.320241 seconds (0d 0h 0m 7s)

---------------  T H R E A D  ---------------

Current thread (0x000001ebf7e2a340):  JavaThread "C2 CompilerThread0" daemon [_thread_in_native, id=9784, stack(0x0000003941a00000,0x0000003941b00000)]


Current CompileTask:
C2:   7320 2851   !   4       jdk.internal.loader.BuiltinClassLoader::loadClassOrNull (143 bytes)

Stack: [0x0000003941a00000,0x0000003941b00000]
Native frames: (J=compiled Java code, j=interpreted, Vv=VM code, C=native code)
V  [jvm.dll+0x6ee21a]
V  [jvm.dll+0x85765e]
V  [jvm.dll+0x85904e]
V  [jvm.dll+0x859703]
V  [jvm.dll+0x28298f]
V  [jvm.dll+0xc9adf]
V  [jvm.dll+0xc9e65]
V  [jvm.dll+0x2f7caf]
V  [jvm.dll+0x5f076b]
V  [jvm.dll+0x25590c]
V  [jvm.dll+0x24e1a7]
V  [jvm.dll+0x24b673]
V  [jvm.dll+0x1d6ce1]
V  [jvm.dll+0x25b25a]
V  [jvm.dll+0x2596e8]
V  [jvm.dll+0x807588]
V  [jvm.dll+0x80125a]
V  [jvm.dll+0x6ecf0b]
C  [ucrtbase.dll+0x21bb2]
C  [KERNEL32.DLL+0x17614]
C  [ntdll.dll+0x526a1]


---------------  P R O C E S S  ---------------

Threads class SMR info:
_java_thread_list=0x000001ebfd4984b0, length=15, elements={
0x000001ebdb615320, 0x000001ebf7e21f60, 0x000001ebf7e22ef0, 0x000001ebf7e27b50,
0x000001ebf7e28480, 0x000001ebf7e28db0, 0x000001ebf7e296e0, 0x000001ebf7e2a340,
0x000001ebf7e95af0, 0x000001ebf7e98220, 0x000001ebf7df4c20, 0x000001ebfc30ad70,
0x000001ebfc30b2b0, 0x000001ebfc596dc0, 0x000001ebfc597300
}

Java Threads: ( => current thread )
  0x000001ebdb615320 JavaThread "main" [_thread_blocked, id=1956, stack(0x0000003940d00000,0x0000003940e00000)]
  0x000001ebf7e21f60 JavaThread "Reference Handler" daemon [_thread_blocked, id=1996, stack(0x0000003941400000,0x0000003941500000)]
  0x000001ebf7e22ef0 JavaThread "Finalizer" daemon [_thread_blocked, id=5064, stack(0x0000003941500000,0x0000003941600000)]
  0x000001ebf7e27b50 JavaThread "Signal Dispatcher" daemon [_thread_blocked, id=1948, stack(0x0000003941600000,0x0000003941700000)]
  0x000001ebf7e28480 JavaThread "Attach Listener" daemon [_thread_blocked, id=7740, stack(0x0000003941700000,0x0000003941800000)]
  0x000001ebf7e28db0 JavaThread "Service Thread" daemon [_thread_blocked, id=9632, stack(0x0000003941800000,0x0000003941900000)]
  0x000001ebf7e296e0 JavaThread "Monitor Deflation Thread" daemon [_thread_blocked, id=5836, stack(0x0000003941900000,0x0000003941a00000)]
=>0x000001ebf7e2a340 JavaThread "C2 CompilerThread0" daemon [_thread_in_native, id=9784, stack(0x0000003941a00000,0x0000003941b00000)]
  0x000001ebf7e95af0 JavaThread "C1 CompilerThread0" daemon [_thread_blocked, id=5900, stack(0x0000003941b00000,0x0000003941c00000)]
  0x000001ebf7e98220 JavaThread "Sweeper thread" daemon [_thread_blocked, id=2576, stack(0x0000003941c00000,0x0000003941d00000)]
  0x000001ebf7df4c20 JavaThread "Common-Cleaner" daemon [_thread_blocked, id=9788, stack(0x0000003941d00000,0x0000003941e00000)]
  0x000001ebfc30ad70 JavaThread "Monitor Ctrl-Break" daemon [_thread_in_native, id=9688, stack(0x0000003941e00000,0x0000003941f00000)]
  0x000001ebfc30b2b0 JavaThread "Notification Thread" daemon [_thread_blocked, id=940, stack(0x0000003941f00000,0x0000003942000000)]
  0x000001ebfc596dc0 JavaThread "Thread-0" [_thread_blocked, id=4456, stack(0x0000003942100000,0x0000003942200000)]
  0x000001ebfc597300 JavaThread "restartedMain" [_thread_in_native, id=4732, stack(0x0000003942300000,0x0000003942400000)]

Other Threads:
  0x000001ebf7e0a440 VMThread "VM Thread" [stack: 0x0000003941300000,0x0000003941400000] [id=8336]
  0x000001ebdb616150 WatcherThread "VM Periodic Task Thread" [stack: 0x0000003942000000,0x0000003942100000] [id=6072]
  0x000001ebdb6627c0 WorkerThread "GC Thread#0" [stack: 0x0000003940e00000,0x0000003940f00000] [id=9388]
  0x000001ebfc298d60 WorkerThread "GC Thread#1" [stack: 0x0000003942200000,0x0000003942300000] [id=10088]
  0x000001ebdb6707f0 ConcurrentGCThread "G1 Main Marker" [stack: 0x0000003940f00000,0x0000003941000000] [id=1376]
  0x000001ebdb6713d0 WorkerThread "G1 Conc#0" [stack: 0x0000003941000000,0x0000003941100000] [id=7944]
  0x000001ebdb6d39d0 ConcurrentGCThread "G1 Refine#0" [stack: 0x0000003941100000,0x0000003941200000] [id=3740]
  0x000001ebdb6d46b0 ConcurrentGCThread "G1 Service" [stack: 0x0000003941200000,0x0000003941300000] [id=8348]

Threads with active compile tasks:
C2 CompilerThread0     7354 2851   !   4       jdk.internal.loader.BuiltinClassLoader::loadClassOrNull (143 bytes)

VM state: not at safepoint (normal execution)

VM Mutex/Monitor currently owned by a thread: None

Heap address: 0x00000000a1a00000, size: 1510 MB, Compressed Oops mode: 32-bit

CDS archive(s) mapped at: [0x0000000800000000-0x0000000800c40000-0x0000000800c40000), size 12845056, SharedBaseAddress: 0x0000000800000000, ArchiveRelocationMode: 0.
Compressed class space mapped at: 0x0000000801000000-0x0000000841000000, reserved size: 1073741824
Narrow klass base: 0x0000000800000000, Narrow klass shift: 0, Narrow klass range: 0x100000000

GC Precious Log:
 CardTable entry size: 512
 Card Set container configuration: InlinePtr #cards 5 size 8 Array Of Cards #cards 12 size 40 Howl #buckets 4 coarsen threshold 1843 Howl Bitmap #cards 512 size 80 coarsen threshold 460 Card regions per heap region 1 cards per card region 2048
 CPUs: 2 total, 2 available
 Memory: 6033M
 Large Page Support: Disabled
 NUMA Support: Disabled
 Compressed Oops: Enabled (32-bit)
 Heap Region Size: 1M
 Heap Min Capacity: 8M
 Heap Initial Capacity: 96M
 Heap Max Capacity: 1510M
 Pre-touch: Disabled
 Parallel Workers: 2
 Concurrent Workers: 1
 Concurrent Refinement Workers: 2
 Periodic GC: Disabled

Heap:
 garbage-first heap   total 98304K, used 40337K [0x00000000a1a00000, 0x0000000100000000)
  region size 1024K, 36 young (36864K), 4 survivors (4096K)
 Metaspace       used 18809K, committed 19072K, reserved 1114112K
  class space    used 2179K, committed 2304K, reserved 1048576K

Heap Regions: E=young(eden), S=young(survivor), O=old, HS=humongous(starts), HC=humongous(continues), CS=collection set, F=free, OA=open archive, CA=closed archive, TAMS=top-at-mark-start (previous, next)
|   0|0x00000000a1a00000, 0x00000000a1b00000, 0x00000000a1b00000|100%| O|  |TAMS 0x00000000a1a00000, 0x00000000a1a00000| Untracked 
|   1|0x00000000a1b00000, 0x00000000a1c00000, 0x00000000a1c00000|100%| O|  |TAMS 0x00000000a1b00000, 0x00000000a1b00000| Untracked 
|   2|0x00000000a1c00000, 0x00000000a1d00000, 0x00000000a1d00000|100%| O|  |TAMS 0x00000000a1c00000, 0x00000000a1c00000| Untracked 
|   3|0x00000000a1d00000, 0x00000000a1e00000, 0x00000000a1e00000|100%| O|  |TAMS 0x00000000a1d00000, 0x00000000a1d00000| Untracked 
|   4|0x00000000a1e00000, 0x00000000a1ebfa00, 0x00000000a1f00000| 74%| O|  |TAMS 0x00000000a1e00000, 0x00000000a1e00000| Untracked 
|   5|0x00000000a1f00000, 0x00000000a1f00000, 0x00000000a2000000|  0%| F|  |TAMS 0x00000000a1f00000, 0x00000000a1f00000| Untracked 
|   6|0x00000000a2000000, 0x00000000a2000000, 0x00000000a2100000|  0%| F|  |TAMS 0x00000000a2000000, 0x00000000a2000000| Untracked 
|   7|0x00000000a2100000, 0x00000000a2100000, 0x00000000a2200000|  0%| F|  |TAMS 0x00000000a2100000, 0x00000000a2100000| Untracked 
|   8|0x00000000a2200000, 0x00000000a2200000, 0x00000000a2300000|  0%| F|  |TAMS 0x00000000a2200000, 0x00000000a2200000| Untracked 
|   9|0x00000000a2300000, 0x00000000a2300000, 0x00000000a2400000|  0%| F|  |TAMS 0x00000000a2300000, 0x00000000a2300000| Untracked 
|  10|0x00000000a2400000, 0x00000000a2400000, 0x00000000a2500000|  0%| F|  |TAMS 0x00000000a2400000, 0x00000000a2400000| Untracked 
|  11|0x00000000a2500000, 0x00000000a2500000, 0x00000000a2600000|  0%| F|  |TAMS 0x00000000a2500000, 0x00000000a2500000| Untracked 
|  12|0x00000000a2600000, 0x00000000a2600000, 0x00000000a2700000|  0%| F|  |TAMS 0x00000000a2600000, 0x00000000a2600000| Untracked 
|  13|0x00000000a2700000, 0x00000000a2700000, 0x00000000a2800000|  0%| F|  |TAMS 0x00000000a2700000, 0x00000000a2700000| Untracked 
|  14|0x00000000a2800000, 0x00000000a2800000, 0x00000000a2900000|  0%| F|  |TAMS 0x00000000a2800000, 0x00000000a2800000| Untracked 
|  15|0x00000000a2900000, 0x00000000a2900000, 0x00000000a2a00000|  0%| F|  |TAMS 0x00000000a2900000, 0x00000000a2900000| Untracked 
|  16|0x00000000a2a00000, 0x00000000a2a00000, 0x00000000a2b00000|  0%| F|  |TAMS 0x00000000a2a00000, 0x00000000a2a00000| Untracked 
|  17|0x00000000a2b00000, 0x00000000a2b00000, 0x00000000a2c00000|  0%| F|  |TAMS 0x00000000a2b00000, 0x00000000a2b00000| Untracked 
|  18|0x00000000a2c00000, 0x00000000a2c00000, 0x00000000a2d00000|  0%| F|  |TAMS 0x00000000a2c00000, 0x00000000a2c00000| Untracked 
|  19|0x00000000a2d00000, 0x00000000a2d00000, 0x00000000a2e00000|  0%| F|  |TAMS 0x00000000a2d00000, 0x00000000a2d00000| Untracked 
|  20|0x00000000a2e00000, 0x00000000a2e00000, 0x00000000a2f00000|  0%| F|  |TAMS 0x00000000a2e00000, 0x00000000a2e00000| Untracked 
|  21|0x00000000a2f00000, 0x00000000a2f00000, 0x00000000a3000000|  0%| F|  |TAMS 0x00000000a2f00000, 0x00000000a2f00000| Untracked 
|  22|0x00000000a3000000, 0x00000000a3000000, 0x00000000a3100000|  0%| F|  |TAMS 0x00000000a3000000, 0x00000000a3000000| Untracked 
|  23|0x00000000a3100000, 0x00000000a3100000, 0x00000000a3200000|  0%| F|  |TAMS 0x00000000a3100000, 0x00000000a3100000| Untracked 
|  24|0x00000000a3200000, 0x00000000a3200000, 0x00000000a3300000|  0%| F|  |TAMS 0x00000000a3200000, 0x00000000a3200000| Untracked 
|  25|0x00000000a3300000, 0x00000000a3300000, 0x00000000a3400000|  0%| F|  |TAMS 0x00000000a3300000, 0x00000000a3300000| Untracked 
|  26|0x00000000a3400000, 0x00000000a3400000, 0x00000000a3500000|  0%| F|  |TAMS 0x00000000a3400000, 0x00000000a3400000| Untracked 
|  27|0x00000000a3500000, 0x00000000a3500000, 0x00000000a3600000|  0%| F|  |TAMS 0x00000000a3500000, 0x00000000a3500000| Untracked 
|  28|0x00000000a3600000, 0x00000000a3600000, 0x00000000a3700000|  0%| F|  |TAMS 0x00000000a3600000, 0x00000000a3600000| Untracked 
|  29|0x00000000a3700000, 0x00000000a3700000, 0x00000000a3800000|  0%| F|  |TAMS 0x00000000a3700000, 0x00000000a3700000| Untracked 
|  30|0x00000000a3800000, 0x00000000a3800000, 0x00000000a3900000|  0%| F|  |TAMS 0x00000000a3800000, 0x00000000a3800000| Untracked 
|  31|0x00000000a3900000, 0x00000000a3900000, 0x00000000a3a00000|  0%| F|  |TAMS 0x00000000a3900000, 0x00000000a3900000| Untracked 
|  32|0x00000000a3a00000, 0x00000000a3a00000, 0x00000000a3b00000|  0%| F|  |TAMS 0x00000000a3a00000, 0x00000000a3a00000| Untracked 
|  33|0x00000000a3b00000, 0x00000000a3b00000, 0x00000000a3c00000|  0%| F|  |TAMS 0x00000000a3b00000, 0x00000000a3b00000| Untracked 
|  34|0x00000000a3c00000, 0x00000000a3c00000, 0x00000000a3d00000|  0%| F|  |TAMS 0x00000000a3c00000, 0x00000000a3c00000| Untracked 
|  35|0x00000000a3d00000, 0x00000000a3d00000, 0x00000000a3e00000|  0%| F|  |TAMS 0x00000000a3d00000, 0x00000000a3d00000| Untracked 
|  36|0x00000000a3e00000, 0x00000000a3e00000, 0x00000000a3f00000|  0%| F|  |TAMS 0x00000000a3e00000, 0x00000000a3e00000| Untracked 
|  37|0x00000000a3f00000, 0x00000000a3f00000, 0x00000000a4000000|  0%| F|  |TAMS 0x00000000a3f00000, 0x00000000a3f00000| Untracked 
|  38|0x00000000a4000000, 0x00000000a4000000, 0x00000000a4100000|  0%| F|  |TAMS 0x00000000a4000000, 0x00000000a4000000| Untracked 
|  39|0x00000000a4100000, 0x00000000a4100000, 0x00000000a4200000|  0%| F|  |TAMS 0x00000000a4100000, 0x00000000a4100000| Untracked 
|  40|0x00000000a4200000, 0x00000000a4200000, 0x00000000a4300000|  0%| F|  |TAMS 0x00000000a4200000, 0x00000000a4200000| Untracked 
|  41|0x00000000a4300000, 0x00000000a4300000, 0x00000000a4400000|  0%| F|  |TAMS 0x00000000a4300000, 0x00000000a4300000| Untracked 
|  42|0x00000000a4400000, 0x00000000a4400000, 0x00000000a4500000|  0%| F|  |TAMS 0x00000000a4400000, 0x00000000a4400000| Untracked 
|  43|0x00000000a4500000, 0x00000000a4500000, 0x00000000a4600000|  0%| F|  |TAMS 0x00000000a4500000, 0x00000000a4500000| Untracked 
|  44|0x00000000a4600000, 0x00000000a4600000, 0x00000000a4700000|  0%| F|  |TAMS 0x00000000a4600000, 0x00000000a4600000| Untracked 
|  45|0x00000000a4700000, 0x00000000a4700000, 0x00000000a4800000|  0%| F|  |TAMS 0x00000000a4700000, 0x00000000a4700000| Untracked 
|  46|0x00000000a4800000, 0x00000000a48a4be0, 0x00000000a4900000| 64%| S|CS|TAMS 0x00000000a4800000, 0x00000000a4800000| Complete 
|  47|0x00000000a4900000, 0x00000000a4a00000, 0x00000000a4a00000|100%| S|CS|TAMS 0x00000000a4900000, 0x00000000a4900000| Complete 
|  48|0x00000000a4a00000, 0x00000000a4b00000, 0x00000000a4b00000|100%| S|CS|TAMS 0x00000000a4a00000, 0x00000000a4a00000| Complete 
|  49|0x00000000a4b00000, 0x00000000a4c00000, 0x00000000a4c00000|100%| S|CS|TAMS 0x00000000a4b00000, 0x00000000a4b00000| Complete 
|  50|0x00000000a4c00000, 0x00000000a4c00000, 0x00000000a4d00000|  0%| F|  |TAMS 0x00000000a4c00000, 0x00000000a4c00000| Untracked 
|  51|0x00000000a4d00000, 0x00000000a4d00000, 0x00000000a4e00000|  0%| F|  |TAMS 0x00000000a4d00000, 0x00000000a4d00000| Untracked 
|  52|0x00000000a4e00000, 0x00000000a4e00000, 0x00000000a4f00000|  0%| F|  |TAMS 0x00000000a4e00000, 0x00000000a4e00000| Untracked 
|  53|0x00000000a4f00000, 0x00000000a4f00000, 0x00000000a5000000|  0%| F|  |TAMS 0x00000000a4f00000, 0x00000000a4f00000| Untracked 
|  54|0x00000000a5000000, 0x00000000a5000000, 0x00000000a5100000|  0%| F|  |TAMS 0x00000000a5000000, 0x00000000a5000000| Untracked 
|  55|0x00000000a5100000, 0x00000000a5100000, 0x00000000a5200000|  0%| F|  |TAMS 0x00000000a5100000, 0x00000000a5100000| Untracked 
|  56|0x00000000a5200000, 0x00000000a5200000, 0x00000000a5300000|  0%| F|  |TAMS 0x00000000a5200000, 0x00000000a5200000| Untracked 
|  57|0x00000000a5300000, 0x00000000a5300000, 0x00000000a5400000|  0%| F|  |TAMS 0x00000000a5300000, 0x00000000a5300000| Untracked 
|  58|0x00000000a5400000, 0x00000000a5400000, 0x00000000a5500000|  0%| F|  |TAMS 0x00000000a5400000, 0x00000000a5400000| Untracked 
|  59|0x00000000a5500000, 0x00000000a5500000, 0x00000000a5600000|  0%| F|  |TAMS 0x00000000a5500000, 0x00000000a5500000| Untracked 
|  60|0x00000000a5600000, 0x00000000a5600000, 0x00000000a5700000|  0%| F|  |TAMS 0x00000000a5600000, 0x00000000a5600000| Untracked 
|  61|0x00000000a5700000, 0x00000000a5700000, 0x00000000a5800000|  0%| F|  |TAMS 0x00000000a5700000, 0x00000000a5700000| Untracked 
|  62|0x00000000a5800000, 0x00000000a5800000, 0x00000000a5900000|  0%| F|  |TAMS 0x00000000a5800000, 0x00000000a5800000| Untracked 
|  63|0x00000000a5900000, 0x00000000a5900000, 0x00000000a5a00000|  0%| F|  |TAMS 0x00000000a5900000, 0x00000000a5900000| Untracked 
|  64|0x00000000a5a00000, 0x00000000a5a45b00, 0x00000000a5b00000| 27%| E|  |TAMS 0x00000000a5a00000, 0x00000000a5a00000| Complete 
|  65|0x00000000a5b00000, 0x00000000a5c00000, 0x00000000a5c00000|100%| E|CS|TAMS 0x00000000a5b00000, 0x00000000a5b00000| Complete 
|  66|0x00000000a5c00000, 0x00000000a5d00000, 0x00000000a5d00000|100%| E|CS|TAMS 0x00000000a5c00000, 0x00000000a5c00000| Complete 
|  67|0x00000000a5d00000, 0x00000000a5e00000, 0x00000000a5e00000|100%| E|CS|TAMS 0x00000000a5d00000, 0x00000000a5d00000| Complete 
|  68|0x00000000a5e00000, 0x00000000a5f00000, 0x00000000a5f00000|100%| E|CS|TAMS 0x00000000a5e00000, 0x00000000a5e00000| Complete 
|  69|0x00000000a5f00000, 0x00000000a6000000, 0x00000000a6000000|100%| E|CS|TAMS 0x00000000a5f00000, 0x00000000a5f00000| Complete 
|  70|0x00000000a6000000, 0x00000000a6100000, 0x00000000a6100000|100%| E|CS|TAMS 0x00000000a6000000, 0x00000000a6000000| Complete 
|  71|0x00000000a6100000, 0x00000000a6200000, 0x00000000a6200000|100%| E|CS|TAMS 0x00000000a6100000, 0x00000000a6100000| Complete 
|  72|0x00000000a6200000, 0x00000000a6300000, 0x00000000a6300000|100%| E|CS|TAMS 0x00000000a6200000, 0x00000000a6200000| Complete 
|  73|0x00000000a6300000, 0x00000000a6400000, 0x00000000a6400000|100%| E|CS|TAMS 0x00000000a6300000, 0x00000000a6300000| Complete 
|  74|0x00000000a6400000, 0x00000000a6500000, 0x00000000a6500000|100%| E|CS|TAMS 0x00000000a6400000, 0x00000000a6400000| Complete 
|  75|0x00000000a6500000, 0x00000000a6600000, 0x00000000a6600000|100%| E|CS|TAMS 0x00000000a6500000, 0x00000000a6500000| Complete 
|  76|0x00000000a6600000, 0x00000000a6700000, 0x00000000a6700000|100%| E|CS|TAMS 0x00000000a6600000, 0x00000000a6600000| Complete 
|  77|0x00000000a6700000, 0x00000000a6800000, 0x00000000a6800000|100%| E|CS|TAMS 0x00000000a6700000, 0x00000000a6700000| Complete 
|  78|0x00000000a6800000, 0x00000000a6900000, 0x00000000a6900000|100%| E|CS|TAMS 0x00000000a6800000, 0x00000000a6800000| Complete 
|  79|0x00000000a6900000, 0x00000000a6a00000, 0x00000000a6a00000|100%| E|CS|TAMS 0x00000000a6900000, 0x00000000a6900000| Complete 
|  80|0x00000000a6a00000, 0x00000000a6b00000, 0x00000000a6b00000|100%| E|CS|TAMS 0x00000000a6a00000, 0x00000000a6a00000| Complete 
|  81|0x00000000a6b00000, 0x00000000a6c00000, 0x00000000a6c00000|100%| E|CS|TAMS 0x00000000a6b00000, 0x00000000a6b00000| Complete 
|  82|0x00000000a6c00000, 0x00000000a6d00000, 0x00000000a6d00000|100%| E|CS|TAMS 0x00000000a6c00000, 0x00000000a6c00000| Complete 
|  83|0x00000000a6d00000, 0x00000000a6e00000, 0x00000000a6e00000|100%| E|CS|TAMS 0x00000000a6d00000, 0x00000000a6d00000| Complete 
|  84|0x00000000a6e00000, 0x00000000a6f00000, 0x00000000a6f00000|100%| E|CS|TAMS 0x00000000a6e00000, 0x00000000a6e00000| Complete 
|  85|0x00000000a6f00000, 0x00000000a7000000, 0x00000000a7000000|100%| E|CS|TAMS 0x00000000a6f00000, 0x00000000a6f00000| Complete 
|  86|0x00000000a7000000, 0x00000000a7100000, 0x00000000a7100000|100%| E|CS|TAMS 0x00000000a7000000, 0x00000000a7000000| Complete 
|  87|0x00000000a7100000, 0x00000000a7200000, 0x00000000a7200000|100%| E|CS|TAMS 0x00000000a7100000, 0x00000000a7100000| Complete 
|  88|0x00000000a7200000, 0x00000000a7300000, 0x00000000a7300000|100%| E|CS|TAMS 0x00000000a7200000, 0x00000000a7200000| Complete 
|  89|0x00000000a7300000, 0x00000000a7400000, 0x00000000a7400000|100%| E|CS|TAMS 0x00000000a7300000, 0x00000000a7300000| Complete 
|  90|0x00000000a7400000, 0x00000000a7500000, 0x00000000a7500000|100%| E|CS|TAMS 0x00000000a7400000, 0x00000000a7400000| Complete 
|  91|0x00000000a7500000, 0x00000000a7600000, 0x00000000a7600000|100%| E|CS|TAMS 0x00000000a7500000, 0x00000000a7500000| Complete 
|  92|0x00000000a7600000, 0x00000000a7700000, 0x00000000a7700000|100%| E|CS|TAMS 0x00000000a7600000, 0x00000000a7600000| Complete 
|  93|0x00000000a7700000, 0x00000000a7800000, 0x00000000a7800000|100%| E|CS|TAMS 0x00000000a7700000, 0x00000000a7700000| Complete 
|  94|0x00000000a7800000, 0x00000000a7900000, 0x00000000a7900000|100%| E|CS|TAMS 0x00000000a7800000, 0x00000000a7800000| Complete 
|  95|0x00000000a7900000, 0x00000000a7a00000, 0x00000000a7a00000|100%| E|CS|TAMS 0x00000000a7900000, 0x00000000a7900000| Complete 

Card table byte_map: [0x000001ebf2570000,0x000001ebf2870000] _byte_map_base: 0x000001ebf2063000

Marking Bits (Prev, Next): (CMBitMap*) 0x000001ebdb664200, (CMBitMap*) 0x000001ebdb664240
 Prev Bits: [0x000001ebf2b70000, 0x000001ebf4308000)
 Next Bits: [0x000001ebf4310000, 0x000001ebf5aa8000)

Polling page: 0x000001ebdade0000

Metaspace:

Usage:
  Non-class:     16.25 MB used.
      Class:      2.13 MB used.
       Both:     18.38 MB used.

Virtual space:
  Non-class space:       64.00 MB reserved,      16.38 MB ( 26%) committed,  1 nodes.
      Class space:        1.00 GB reserved,       2.25 MB ( <1%) committed,  1 nodes.
             Both:        1.06 GB reserved,      18.62 MB (  2%) committed. 

Chunk freelists:
   Non-Class:  3.45 MB
       Class:  1.75 MB
        Both:  5.20 MB

MaxMetaspaceSize: unlimited
CompressedClassSpaceSize: 1.00 GB
Initial GC threshold: 21.00 MB
Current GC threshold: 21.00 MB
CDS: on
MetaspaceReclaimPolicy: balanced
 - commit_granule_bytes: 65536.
 - commit_granule_words: 8192.
 - virtual_space_node_default_size: 8388608.
 - enlarge_chunks_in_place: 1.
 - new_chunks_are_fully_committed: 0.
 - uncommit_free_chunks: 1.
 - use_allocation_guard: 0.


Internal statistics:

num_allocs_failed_limit: 0.
num_arena_births: 230.
num_arena_deaths: 0.
num_vsnodes_births: 2.
num_vsnodes_deaths: 0.
num_space_committed: 298.
num_space_uncommitted: 0.
num_chunks_returned_to_freelist: 0.
num_chunks_taken_from_freelist: 837.
num_chunk_merges: 0.
num_chunk_splits: 572.
num_chunks_enlarged: 465.
num_inconsistent_stats: 0.

CodeHeap 'non-profiled nmethods': size=120064Kb used=1082Kb max_used=1082Kb free=118981Kb
 bounds [0x000001ebeb030000, 0x000001ebeb2a0000, 0x000001ebf2570000]
CodeHeap 'profiled nmethods': size=120000Kb used=6005Kb max_used=6005Kb free=113994Kb
 bounds [0x000001ebe3570000, 0x000001ebe3b50000, 0x000001ebeaaa0000]
CodeHeap 'non-nmethods': size=5696Kb used=1278Kb max_used=1307Kb free=4417Kb
 bounds [0x000001ebeaaa0000, 0x000001ebead10000, 0x000001ebeb030000]
 total_blobs=3420 nmethods=2927 adapters=404
 compilation: enabled
              stopped_count=0, restarted_count=0
 full_count=0

Compilation events (20 events):
Event: 7.276 Thread 0x000001ebf7e95af0 2884       3       org.springframework.beans.factory.support.AbstractBeanFactory::hasBeanCreationStarted (18 bytes)
Event: 7.277 Thread 0x000001ebf7e95af0 nmethod 2884 0x000001ebe3b42e10 code [0x000001ebe3b42fc0, 0x000001ebe3b431e8]
Event: 7.278 Thread 0x000001ebf7e95af0 2885       1       org.springframework.beans.factory.support.AbstractBeanDefinition::setLenientConstructorResolution (6 bytes)
Event: 7.278 Thread 0x000001ebf7e95af0 nmethod 2885 0x000001ebeb139410 code [0x000001ebeb1395a0, 0x000001ebeb139678]
Event: 7.278 Thread 0x000001ebf7e95af0 2886       1       org.springframework.beans.factory.support.AbstractBeanDefinition::setFactoryMethodName (6 bytes)
Event: 7.278 Thread 0x000001ebf7e95af0 nmethod 2886 0x000001ebeb139710 code [0x000001ebeb1398a0, 0x000001ebeb1399b8]
Event: 7.292 Thread 0x000001ebf7e95af0 2887       3       org.springframework.beans.BeanMetadataAttributeAccessor::<init> (5 bytes)
Event: 7.293 Thread 0x000001ebf7e95af0 nmethod 2887 0x000001ebe3b43290 code [0x000001ebe3b43460, 0x000001ebe3b43878]
Event: 7.293 Thread 0x000001ebf7e95af0 2888       3       java.util.concurrent.CopyOnWriteArraySet::<init> (16 bytes)
Event: 7.294 Thread 0x000001ebf7e95af0 nmethod 2888 0x000001ebe3b43a10 code [0x000001ebe3b43c00, 0x000001ebe3b441d8]
Event: 7.298 Thread 0x000001ebf7e95af0 2889       3       java.lang.PublicMethods$MethodList::length (24 bytes)
Event: 7.298 Thread 0x000001ebf7e95af0 nmethod 2889 0x000001ebe3b44390 code [0x000001ebe3b44540, 0x000001ebe3b446f8]
Event: 7.298 Thread 0x000001ebf7e95af0 2890       3       java.lang.reflect.Method::getExceptionTypes (11 bytes)
Event: 7.299 Thread 0x000001ebf7e95af0 nmethod 2890 0x000001ebe3b44810 code [0x000001ebe3b449c0, 0x000001ebe3b44c88]
Event: 7.309 Thread 0x000001ebf7e95af0 2892       3       org.springframework.beans.factory.support.AbstractBeanFactory::isFactoryBean (60 bytes)
Event: 7.310 Thread 0x000001ebf7e95af0 nmethod 2892 0x000001ebe3b44d90 code [0x000001ebe3b44f80, 0x000001ebe3b455d8]
Event: 7.310 Thread 0x000001ebf7e95af0 2893       1       org.springframework.beans.factory.support.AbstractBeanDefinition::setFactoryBeanName (6 bytes)
Event: 7.310 Thread 0x000001ebf7e95af0 nmethod 2893 0x000001ebeb13a010 code [0x000001ebeb13a1a0, 0x000001ebeb13a2b8]
Event: 7.312 Thread 0x000001ebf7e95af0 2894       1       org.springframework.beans.factory.support.AbstractBeanDefinition::setInstanceSupplier (6 bytes)
Event: 7.312 Thread 0x000001ebf7e95af0 nmethod 2894 0x000001ebeb13a310 code [0x000001ebeb13a4a0, 0x000001ebeb13a5b8]

GC Heap History (8 events):
Event: 1.274 GC heap before
{Heap before GC invocations=0 (full 0):
 garbage-first heap   total 98304K, used 5120K [0x00000000a1a00000, 0x0000000100000000)
  region size 1024K, 6 young (6144K), 0 survivors (0K)
 Metaspace       used 1402K, committed 1536K, reserved 1114112K
  class space    used 107K, committed 128K, reserved 1048576K
}
Event: 1.294 GC heap after
{Heap after GC invocations=1 (full 0):
 garbage-first heap   total 98304K, used 3080K [0x00000000a1a00000, 0x0000000100000000)
  region size 1024K, 1 young (1024K), 1 survivors (1024K)
 Metaspace       used 1402K, committed 1536K, reserved 1114112K
  class space    used 107K, committed 128K, reserved 1048576K
}
Event: 2.077 GC heap before
{Heap before GC invocations=1 (full 0):
 garbage-first heap   total 98304K, used 7176K [0x00000000a1a00000, 0x0000000100000000)
  region size 1024K, 5 young (5120K), 1 survivors (1024K)
 Metaspace       used 3010K, committed 3136K, reserved 1114112K
  class space    used 267K, committed 320K, reserved 1048576K
}
Event: 2.084 GC heap after
{Heap after GC invocations=2 (full 0):
 garbage-first heap   total 98304K, used 4712K [0x00000000a1a00000, 0x0000000100000000)
  region size 1024K, 1 young (1024K), 1 survivors (1024K)
 Metaspace       used 3010K, committed 3136K, reserved 1114112K
  class space    used 267K, committed 320K, reserved 1048576K
}
Event: 2.661 GC heap before
{Heap before GC invocations=2 (full 0):
 garbage-first heap   total 98304K, used 11880K [0x00000000a1a00000, 0x0000000100000000)
  region size 1024K, 8 young (8192K), 1 survivors (1024K)
 Metaspace       used 5047K, committed 5248K, reserved 1114112K
  class space    used 520K, committed 640K, reserved 1048576K
}
Event: 2.667 GC heap after
{Heap after GC invocations=3 (full 0):
 garbage-first heap   total 98304K, used 5477K [0x00000000a1a00000, 0x0000000100000000)
  region size 1024K, 1 young (1024K), 1 survivors (1024K)
 Metaspace       used 5047K, committed 5248K, reserved 1114112K
  class space    used 520K, committed 640K, reserved 1048576K
}
Event: 5.599 GC heap before
{Heap before GC invocations=3 (full 0):
 garbage-first heap   total 98304K, used 50533K [0x00000000a1a00000, 0x0000000100000000)
  region size 1024K, 46 young (47104K), 1 survivors (1024K)
 Metaspace       used 16936K, committed 17152K, reserved 1114112K
  class space    used 2008K, committed 2112K, reserved 1048576K
}
Event: 5.617 GC heap after
{Heap after GC invocations=4 (full 0):
 garbage-first heap   total 98304K, used 8593K [0x00000000a1a00000, 0x0000000100000000)
  region size 1024K, 4 young (4096K), 4 survivors (4096K)
 Metaspace       used 16936K, committed 17152K, reserved 1114112K
  class space    used 2008K, committed 2112K, reserved 1048576K
}

Dll operation events (13 events):
Event: 0.086 Loaded shared library C:\Users\Utente-PC\.jdks\openjdk-19.0.2\bin\java.dll
Event: 0.108 Loaded shared library C:\Users\Utente-PC\.jdks\openjdk-19.0.2\bin\jsvml.dll
Event: 0.440 Loaded shared library C:\Users\Utente-PC\.jdks\openjdk-19.0.2\bin\zip.dll
Event: 0.444 Loaded shared library C:\Users\Utente-PC\.jdks\openjdk-19.0.2\bin\instrument.dll
Event: 0.458 Loaded shared library C:\Users\Utente-PC\.jdks\openjdk-19.0.2\bin\net.dll
Event: 0.460 Loaded shared library C:\Users\Utente-PC\.jdks\openjdk-19.0.2\bin\nio.dll
Event: 0.467 Loaded shared library C:\Users\Utente-PC\.jdks\openjdk-19.0.2\bin\zip.dll
Event: 0.798 Loaded shared library C:\Program Files\JetBrains\IntelliJ IDEA Community Edition 2022.2.1\bin\breakgen64.dll
Event: 0.975 Loaded shared library C:\Users\Utente-PC\.jdks\openjdk-19.0.2\bin\extnet.dll
Event: 1.067 Loaded shared library C:\Users\Utente-PC\.jdks\openjdk-19.0.2\bin\verify.dll
Event: 1.117 Loaded shared library C:\Users\Utente-PC\.jdks\openjdk-19.0.2\bin\jimage.dll
Event: 2.504 Loaded shared library C:\Users\Utente-PC\.jdks\openjdk-19.0.2\bin\management.dll
Event: 2.511 Loaded shared library C:\Users\Utente-PC\.jdks\openjdk-19.0.2\bin\management_ext.dll

Deoptimization events (20 events):
Event: 7.012 Thread 0x000001ebfc597300 Uncommon trap: trap_request=0xffffffde fr.pc=0x000001ebeb03c9ac relative=0x000000000000018c
Event: 7.012 Thread 0x000001ebfc597300 Uncommon trap: reason=class_check action=maybe_recompile pc=0x000001ebeb03c9ac method=java.lang.String.equals(Ljava/lang/Object;)Z @ 8 c2
Event: 7.012 Thread 0x000001ebfc597300 DEOPT PACKING pc=0x000001ebeb03c9ac sp=0x00000039423fe8b0
Event: 7.012 Thread 0x000001ebfc597300 DEOPT UNPACKING pc=0x000001ebeab06d9d sp=0x00000039423fe848 mode 2
Event: 7.012 Thread 0x000001ebfc597300 Uncommon trap: trap_request=0xffffffde fr.pc=0x000001ebeb03c9ac relative=0x000000000000018c
Event: 7.012 Thread 0x000001ebfc597300 Uncommon trap: reason=class_check action=maybe_recompile pc=0x000001ebeb03c9ac method=java.lang.String.equals(Ljava/lang/Object;)Z @ 8 c2
Event: 7.012 Thread 0x000001ebfc597300 DEOPT PACKING pc=0x000001ebeb03c9ac sp=0x00000039423fe8b0
Event: 7.012 Thread 0x000001ebfc597300 DEOPT UNPACKING pc=0x000001ebeab06d9d sp=0x00000039423fe848 mode 2
Event: 7.012 Thread 0x000001ebfc597300 Uncommon trap: trap_request=0xffffffde fr.pc=0x000001ebeb03c9ac relative=0x000000000000018c
Event: 7.012 Thread 0x000001ebfc597300 Uncommon trap: reason=class_check action=maybe_recompile pc=0x000001ebeb03c9ac method=java.lang.String.equals(Ljava/lang/Object;)Z @ 8 c2
Event: 7.012 Thread 0x000001ebfc597300 DEOPT PACKING pc=0x000001ebeb03c9ac sp=0x00000039423fe8b0
Event: 7.012 Thread 0x000001ebfc597300 DEOPT UNPACKING pc=0x000001ebeab06d9d sp=0x00000039423fe848 mode 2
Event: 7.014 Thread 0x000001ebfc597300 Uncommon trap: trap_request=0xffffffde fr.pc=0x000001ebeb12155c relative=0x00000000000001bc
Event: 7.014 Thread 0x000001ebfc597300 Uncommon trap: reason=class_check action=maybe_recompile pc=0x000001ebeb12155c method=java.lang.String.equals(Ljava/lang/Object;)Z @ 8 c2
Event: 7.014 Thread 0x000001ebfc597300 DEOPT PACKING pc=0x000001ebeb12155c sp=0x00000039423fe590
Event: 7.014 Thread 0x000001ebfc597300 DEOPT UNPACKING pc=0x000001ebeab06d9d sp=0x00000039423fe4b8 mode 2
Event: 7.014 Thread 0x000001ebfc597300 Uncommon trap: trap_request=0xffffffde fr.pc=0x000001ebeb03c9ac relative=0x000000000000018c
Event: 7.014 Thread 0x000001ebfc597300 Uncommon trap: reason=class_check action=maybe_recompile pc=0x000001ebeb03c9ac method=java.lang.String.equals(Ljava/lang/Object;)Z @ 8 c2
Event: 7.014 Thread 0x000001ebfc597300 DEOPT PACKING pc=0x000001ebeb03c9ac sp=0x00000039423fe500
Event: 7.014 Thread 0x000001ebfc597300 DEOPT UNPACKING pc=0x000001ebeab06d9d sp=0x00000039423fe4a8 mode 2

Classes loaded (20 events):
Event: 4.860 Loading class java/util/concurrent/ConcurrentLinkedDeque$Itr
Event: 4.860 Loading class java/util/concurrent/ConcurrentLinkedDeque$AbstractItr
Event: 4.861 Loading class java/util/concurrent/ConcurrentLinkedDeque$AbstractItr done
Event: 4.861 Loading class java/util/concurrent/ConcurrentLinkedDeque$Itr done
Event: 4.877 Loading class java/util/regex/Pattern$Pos
Event: 4.877 Loading class java/util/regex/Pattern$Pos done
Event: 4.882 Loading class java/net/SocketException
Event: 4.882 Loading class java/net/SocketException done
Event: 4.937 Loading class java/util/StringTokenizer
Event: 4.937 Loading class java/util/StringTokenizer done
Event: 4.938 Loading class java/util/regex/Pattern$LazyLoop
Event: 4.938 Loading class java/util/regex/Pattern$LazyLoop done
Event: 4.989 Loading class java/lang/Deprecated
Event: 4.989 Loading class java/lang/Deprecated done
Event: 5.257 Loading class javax/naming/ldap/LdapContext
Event: 5.257 Loading class javax/naming/directory/DirContext
Event: 5.258 Loading class javax/naming/directory/DirContext done
Event: 5.258 Loading class javax/naming/ldap/LdapContext done
Event: 6.166 Loading class java/util/zip/ZipFile$ZipEntryIterator
Event: 6.167 Loading class java/util/zip/ZipFile$ZipEntryIterator done

Classes unloaded (0 events):
No events

Classes redefined (0 events):
No events

Internal exceptions (20 events):
Event: 4.835 Thread 0x000001ebfc597300 Exception <a 'java/lang/ClassNotFoundException'{0x00000000a56d1980}: org/springframework/beans/factory/config/BeanFactoryPostProcessorCustomizer> (0x00000000a56d1980) 
thrown [s\open\src\hotspot\share\classfile\systemDictionary.cpp, line 255]
Event: 4.836 Thread 0x000001ebfc597300 Exception <a 'java/lang/ClassNotFoundException'{0x00000000a56d6158}: org/springframework/core/PriorityOrderedCustomizer> (0x00000000a56d6158) 
thrown [s\open\src\hotspot\share\classfile\systemDictionary.cpp, line 255]
Event: 4.837 Thread 0x000001ebfc597300 Exception <a 'java/lang/ClassNotFoundException'{0x00000000a56d9368}: org/springframework/core/OrderedCustomizer> (0x00000000a56d9368) 
thrown [s\open\src\hotspot\share\classfile\systemDictionary.cpp, line 255]
Event: 4.839 Thread 0x000001ebfc597300 Exception <a 'java/lang/ClassNotFoundException'{0x00000000a56dd980}: org/springframework/context/ResourceLoaderAwareCustomizer> (0x00000000a56dd980) 
thrown [s\open\src\hotspot\share\classfile\systemDictionary.cpp, line 255]
Event: 4.842 Thread 0x000001ebfc597300 Exception <a 'java/lang/ClassNotFoundException'{0x00000000a56e2140}: org/springframework/beans/factory/AwareCustomizer> (0x00000000a56e2140) 
thrown [s\open\src\hotspot\share\classfile\systemDictionary.cpp, line 255]
Event: 4.842 Thread 0x000001ebfc597300 Exception <a 'java/lang/ClassNotFoundException'{0x00000000a56e58f0}: org/springframework/context/ApplicationStartupAwareCustomizer> (0x00000000a56e58f0) 
thrown [s\open\src\hotspot\share\classfile\systemDictionary.cpp, line 255]
Event: 4.844 Thread 0x000001ebfc597300 Exception <a 'java/lang/ClassNotFoundException'{0x00000000a56ea338}: org/springframework/beans/factory/AwareCustomizer> (0x00000000a56ea338) 
thrown [s\open\src\hotspot\share\classfile\systemDictionary.cpp, line 255]
Event: 4.845 Thread 0x000001ebfc597300 Exception <a 'java/lang/ClassNotFoundException'{0x00000000a56ed848}: org/springframework/beans/factory/BeanClassLoaderAwareCustomizer> (0x00000000a56ed848) 
thrown [s\open\src\hotspot\share\classfile\systemDictionary.cpp, line 255]
Event: 4.846 Thread 0x000001ebfc597300 Exception <a 'java/lang/ClassNotFoundException'{0x00000000a56f1fc8}: org/springframework/beans/factory/AwareCustomizer> (0x00000000a56f1fc8) 
thrown [s\open\src\hotspot\share\classfile\systemDictionary.cpp, line 255]
Event: 4.847 Thread 0x000001ebfc597300 Exception <a 'java/lang/ClassNotFoundException'{0x00000000a56f5570}: org/springframework/context/EnvironmentAwareCustomizer> (0x00000000a56f5570) 
thrown [s\open\src\hotspot\share\classfile\systemDictionary.cpp, line 255]
Event: 4.848 Thread 0x000001ebfc597300 Exception <a 'java/lang/ClassNotFoundException'{0x00000000a56f9cd8}: org/springframework/beans/factory/AwareCustomizer> (0x00000000a56f9cd8) 
thrown [s\open\src\hotspot\share\classfile\systemDictionary.cpp, line 255]
Event: 4.908 Thread 0x000001ebfcb90bb0 Exception <a 'java/lang/NoSuchMethodError'{0x00000000a5434ec8}: 'long java.lang.invoke.DirectMethodHandle$Holder.invokeSpecial(java.lang.Object, java.lang.Object)'> (0x00000000a5434ec8) 
thrown [s\open\src\hotspot\share\interpreter\linkResolver.cpp, line 774]
Event: 4.915 Thread 0x000001ebfcb90bb0 Exception <a 'java/lang/NoSuchMethodError'{0x00000000a548c0e8}: 'long java.lang.invoke.DirectMethodHandle$Holder.invokeStatic(java.lang.Object, java.lang.Object)'> (0x00000000a548c0e8) 
thrown [s\open\src\hotspot\share\interpreter\linkResolver.cpp, line 774]
Event: 4.916 Thread 0x000001ebfcb90bb0 Exception <a 'java/lang/NoSuchMethodError'{0x00000000a548f6f0}: 'long java.lang.invoke.DirectMethodHandle$Holder.invokeStaticInit(java.lang.Object, java.lang.Object)'> (0x00000000a548f6f0) 
thrown [s\open\src\hotspot\share\interpreter\linkResolver.cpp, line 774]
Event: 4.920 Thread 0x000001ebfcb90bb0 Exception <a 'java/lang/NoSuchMethodError'{0x00000000a549d6a8}: 'long java.lang.invoke.DirectMethodHandle$Holder.invokeInterface(java.lang.Object, java.lang.Object)'> (0x00000000a549d6a8) 
thrown [s\open\src\hotspot\share\interpreter\linkResolver.cpp, line 774]
Event: 4.921 Thread 0x000001ebfcb90bb0 Exception <a 'java/lang/IncompatibleClassChangeError'{0x00000000a54a0c40}: Found class java.lang.Object, but interface was expected> (0x00000000a54a0c40) 
thrown [s\open\src\hotspot\share\interpreter\linkResolver.cpp, line 841]
Event: 4.926 Thread 0x000001ebfc597300 Exception <a 'java/lang/NoSuchMethodError'{0x00000000a54d26b0}: 'java.lang.Object java.lang.invoke.DirectMethodHandle$Holder.invokeVirtual(java.lang.Object, java.lang.Object, java.lang.Object)'> (0x00000000a54d26b0) 
thrown [s\open\src\hotspot\share\interpreter\linkResolver.cpp, line 774]
Event: 4.953 Thread 0x000001ebfcb90bb0 Exception <a 'java/lang/NoSuchMethodError'{0x00000000a531ed28}: 'java.lang.Object java.lang.invoke.DirectMethodHandle$Holder.invokeVirtual(java.lang.Object, java.lang.Object, java.lang.Object, java.lang.Object)'> (0x00000000a531ed28) 
thrown [s\open\src\hotspot\share\interpreter\linkResolver.cpp, line 774]
Event: 5.315 Thread 0x000001ebfc597300 Exception <a 'java/lang/IncompatibleClassChangeError'{0x00000000a4e3c940}: Found class java.lang.Object, but interface was expected> (0x00000000a4e3c940) 
thrown [s\open\src\hotspot\share\interpreter\linkResolver.cpp, line 841]
Event: 5.444 Thread 0x000001ebfc597300 Exception <a 'java/lang/NoSuchMethodError'{0x00000000a4da6ef8}: 'void java.lang.invoke.DirectMethodHandle$Holder.invokeInterface(java.lang.Object, java.lang.Object, java.lang.Object, java.lang.Object)'> (0x00000000a4da6ef8) 
thrown [s\open\src\hotspot\share\interpreter\linkResolver.cpp, line 774]

VM Operations (20 events):
Event: 3.975 Executing VM operation: HandshakeAllThreads
Event: 3.978 Executing VM operation: HandshakeAllThreads done
Event: 3.982 Executing VM operation: HandshakeAllThreads
Event: 3.982 Executing VM operation: HandshakeAllThreads done
Event: 4.639 Executing VM operation: HandshakeAllThreads
Event: 4.640 Executing VM operation: HandshakeAllThreads done
Event: 4.774 Executing VM operation: HandshakeAllThreads
Event: 4.774 Executing VM operation: HandshakeAllThreads done
Event: 4.898 Executing VM operation: HandshakeAllThreads
Event: 4.898 Executing VM operation: HandshakeAllThreads done
Event: 4.898 Executing VM operation: Cleanup
Event: 4.898 Executing VM operation: Cleanup done
Event: 5.599 Executing VM operation: G1CollectForAllocation
Event: 5.617 Executing VM operation: G1CollectForAllocation done
Event: 6.627 Executing VM operation: Cleanup
Event: 6.637 Executing VM operation: Cleanup done
Event: 7.002 Executing VM operation: HandshakeAllThreads
Event: 7.002 Executing VM operation: HandshakeAllThreads done
Event: 7.004 Executing VM operation: HandshakeAllThreads
Event: 7.004 Executing VM operation: HandshakeAllThreads done

Events (19 events):
Event: 0.129 Thread 0x000001ebdb615320 Thread added: 0x000001ebdb615320
Event: 0.209 Thread 0x000001ebf7e21f60 Thread added: 0x000001ebf7e21f60
Event: 0.209 Thread 0x000001ebf7e22ef0 Thread added: 0x000001ebf7e22ef0
Event: 0.209 Thread 0x000001ebf7e27b50 Thread added: 0x000001ebf7e27b50
Event: 0.209 Thread 0x000001ebf7e28480 Thread added: 0x000001ebf7e28480
Event: 0.210 Thread 0x000001ebf7e28db0 Thread added: 0x000001ebf7e28db0
Event: 0.210 Thread 0x000001ebf7e296e0 Thread added: 0x000001ebf7e296e0
Event: 0.210 Thread 0x000001ebf7e2a340 Thread added: 0x000001ebf7e2a340
Event: 0.225 Thread 0x000001ebf7e95af0 Thread added: 0x000001ebf7e95af0
Event: 0.225 Thread 0x000001ebf7e98220 Thread added: 0x000001ebf7e98220
Event: 0.362 Thread 0x000001ebf7df4c20 Thread added: 0x000001ebf7df4c20
Event: 0.800 Thread 0x000001ebfc30ad70 Thread added: 0x000001ebfc30ad70
Event: 0.800 Thread 0x000001ebfc30b2b0 Thread added: 0x000001ebfc30b2b0
Event: 2.618 Thread 0x000001ebfc596dc0 Thread added: 0x000001ebfc596dc0
Event: 2.636 Thread 0x000001ebfc597300 Thread added: 0x000001ebfc597300
Event: 3.883 Thread 0x000001ebfcb90bb0 Thread added: 0x000001ebfcb90bb0
Event: 4.959 Thread 0x000001ebfcb90bb0 Thread exited: 0x000001ebfcb90bb0
Event: 5.149 Thread 0x000001ebfcdfba70 Thread added: 0x000001ebfcdfba70
Event: 5.336 Thread 0x000001ebfcdfba70 Thread exited: 0x000001ebfcdfba70


Dynamic libraries:
0x00007ff72c4f0000 - 0x00007ff72c4fe000 	C:\Users\Utente-PC\.jdks\openjdk-19.0.2\bin\java.exe
0x00007ffd49470000 - 0x00007ffd49668000 	C:\Windows\SYSTEM32\ntdll.dll
0x00007ffd49130000 - 0x00007ffd491ef000 	C:\Windows\System32\KERNEL32.DLL
0x00007ffd46e50000 - 0x00007ffd47122000 	C:\Windows\System32\KERNELBASE.dll
0x00007ffd47260000 - 0x00007ffd47360000 	C:\Windows\System32\ucrtbase.dll
0x00007ffd406d0000 - 0x00007ffd406e7000 	C:\Users\Utente-PC\.jdks\openjdk-19.0.2\bin\jli.dll
0x00007ffd47c90000 - 0x00007ffd47e31000 	C:\Windows\System32\USER32.dll
0x00007ffd46c20000 - 0x00007ffd46c42000 	C:\Windows\System32\win32u.dll
0x00007ffd47900000 - 0x00007ffd4792b000 	C:\Windows\System32\GDI32.dll
0x00007ffd46cd0000 - 0x00007ffd46ddf000 	C:\Windows\System32\gdi32full.dll
0x00007ffd471c0000 - 0x00007ffd4725d000 	C:\Windows\System32\msvcp_win.dll
0x00007ffd40270000 - 0x00007ffd4028b000 	C:\Users\Utente-PC\.jdks\openjdk-19.0.2\bin\VCRUNTIME140.dll
0x00007ffd33e60000 - 0x00007ffd340fa000 	C:\Windows\WinSxS\amd64_microsoft.windows.common-controls_6595b64144ccf1df_6.0.19041.1110_none_60b5254171f9507e\COMCTL32.dll
0x00007ffd48b10000 - 0x00007ffd48bae000 	C:\Windows\System32\msvcrt.dll
0x00007ffd49400000 - 0x00007ffd49430000 	C:\Windows\System32\IMM32.DLL
0x00007ffd418a0000 - 0x00007ffd418ac000 	C:\Users\Utente-PC\.jdks\openjdk-19.0.2\bin\vcruntime140_1.dll
0x00007ffd299b0000 - 0x00007ffd29a3e000 	C:\Users\Utente-PC\.jdks\openjdk-19.0.2\bin\msvcp140.dll
0x00007ffd1aa20000 - 0x00007ffd1b6e0000 	C:\Users\Utente-PC\.jdks\openjdk-19.0.2\bin\server\jvm.dll
0x00007ffd48bb0000 - 0x00007ffd48c5e000 	C:\Windows\System32\ADVAPI32.dll
0x00007ffd47e40000 - 0x00007ffd47edc000 	C:\Windows\System32\sechost.dll
0x00007ffd47930000 - 0x00007ffd47a54000 	C:\Windows\System32\RPCRT4.dll
0x00007ffd44380000 - 0x00007ffd44389000 	C:\Windows\SYSTEM32\WSOCK32.dll
0x00007ffd47c20000 - 0x00007ffd47c8b000 	C:\Windows\System32\WS2_32.dll
0x00007ffd375d0000 - 0x00007ffd375f7000 	C:\Windows\SYSTEM32\WINMM.dll
0x00007ffd37730000 - 0x00007ffd3773a000 	C:\Windows\SYSTEM32\VERSION.dll
0x00007ffd44a30000 - 0x00007ffd44a42000 	C:\Windows\SYSTEM32\kernel.appcore.dll
0x00007ffd40250000 - 0x00007ffd4025a000 	C:\Users\Utente-PC\.jdks\openjdk-19.0.2\bin\jimage.dll
0x00007ffd35ba0000 - 0x00007ffd35d84000 	C:\Windows\SYSTEM32\DBGHELP.DLL
0x00007ffd356f0000 - 0x00007ffd35725000 	C:\Windows\SYSTEM32\dbgcore.DLL
0x00007ffd47130000 - 0x00007ffd471b2000 	C:\Windows\System32\bcryptPrimitives.dll
0x00007ffd3fe40000 - 0x00007ffd3fe4e000 	C:\Users\Utente-PC\.jdks\openjdk-19.0.2\bin\instrument.dll
0x00007ffd3d4f0000 - 0x00007ffd3d516000 	C:\Users\Utente-PC\.jdks\openjdk-19.0.2\bin\java.dll
0x00007ffd27ef0000 - 0x00007ffd27fc7000 	C:\Users\Utente-PC\.jdks\openjdk-19.0.2\bin\jsvml.dll
0x00007ffd48210000 - 0x00007ffd48955000 	C:\Windows\System32\SHELL32.dll
0x00007ffd44c30000 - 0x00007ffd453c2000 	C:\Windows\SYSTEM32\windows.storage.dll
0x00007ffd475a0000 - 0x00007ffd478f5000 	C:\Windows\System32\combase.dll
0x00007ffd464f0000 - 0x00007ffd46520000 	C:\Windows\SYSTEM32\Wldp.dll
0x00007ffd47ee0000 - 0x00007ffd47f8d000 	C:\Windows\System32\SHCORE.dll
0x00007ffd49320000 - 0x00007ffd49375000 	C:\Windows\System32\shlwapi.dll
0x00007ffd46ab0000 - 0x00007ffd46acf000 	C:\Windows\SYSTEM32\profapi.dll
0x00007ffd3c470000 - 0x00007ffd3c488000 	C:\Users\Utente-PC\.jdks\openjdk-19.0.2\bin\zip.dll
0x00007ffd35620000 - 0x00007ffd35633000 	C:\Users\Utente-PC\.jdks\openjdk-19.0.2\bin\net.dll
0x00007ffd3c1a0000 - 0x00007ffd3c2aa000 	C:\Windows\SYSTEM32\WINHTTP.dll
0x00007ffd46250000 - 0x00007ffd462ba000 	C:\Windows\system32\mswsock.dll
0x00007ffd35600000 - 0x00007ffd35616000 	C:\Users\Utente-PC\.jdks\openjdk-19.0.2\bin\nio.dll
0x00007ffd355e0000 - 0x00007ffd355fa000 	C:\Program Files\JetBrains\IntelliJ IDEA Community Edition 2022.2.1\bin\breakgen64.dll
0x00007ffd3d4e0000 - 0x00007ffd3d4e8000 	C:\Users\Utente-PC\.jdks\openjdk-19.0.2\bin\extnet.dll
0x00007ffd37690000 - 0x00007ffd376a0000 	C:\Users\Utente-PC\.jdks\openjdk-19.0.2\bin\verify.dll
0x00007ffd359d0000 - 0x00007ffd359da000 	C:\Users\Utente-PC\.jdks\openjdk-19.0.2\bin\management.dll
0x00007ffd356a0000 - 0x00007ffd356ab000 	C:\Users\Utente-PC\.jdks\openjdk-19.0.2\bin\management_ext.dll
0x00007ffd491f0000 - 0x00007ffd491f8000 	C:\Windows\System32\PSAPI.DLL
0x00007ffd32770000 - 0x00007ffd32787000 	C:\Windows\system32\napinsp.dll
0x00007ffd32750000 - 0x00007ffd3276b000 	C:\Windows\system32\pnrpnsp.dll
0x00007ffd38a40000 - 0x00007ffd38a55000 	C:\Windows\system32\wshbth.dll
0x00007ffd424a0000 - 0x00007ffd424bd000 	C:\Windows\system32\NLAapi.dll
0x00007ffd45f40000 - 0x00007ffd45f7b000 	C:\Windows\SYSTEM32\IPHLPAPI.DLL
0x00007ffd45f90000 - 0x00007ffd4605b000 	C:\Windows\SYSTEM32\DNSAPI.dll
0x00007ffd47c00000 - 0x00007ffd47c08000 	C:\Windows\System32\NSI.dll
0x00007ffd32730000 - 0x00007ffd32742000 	C:\Windows\System32\winrnr.dll
0x00007ffd39ff0000 - 0x00007ffd39ffa000 	C:\Windows\System32\rasadhlp.dll
0x00007ffd3a340000 - 0x00007ffd3a3c0000 	C:\Windows\System32\fwpuclnt.dll
0x00007ffd46c50000 - 0x00007ffd46c77000 	C:\Windows\System32\bcrypt.dll

dbghelp: loaded successfully - version: 4.0.5 - missing functions: none
symbol engine: initialized successfully - sym options: 0x614 - pdb path: .;C:\Users\Utente-PC\.jdks\openjdk-19.0.2\bin;C:\Windows\SYSTEM32;C:\Windows\WinSxS\amd64_microsoft.windows.common-controls_6595b64144ccf1df_6.0.19041.1110_none_60b5254171f9507e;C:\Users\Utente-PC\.jdks\openjdk-19.0.2\bin\server;C:\Program Files\JetBrains\IntelliJ IDEA Community Edition 2022.2.1\bin

VM Arguments:
jvm_args: -javaagent:C:\Program Files\JetBrains\IntelliJ IDEA Community Edition 2022.2.1\lib\idea_rt.jar=49766:C:\Program Files\JetBrains\IntelliJ IDEA Community Edition 2022.2.1\bin -Dfile.encoding=UTF-8 -Dsun.stdout.encoding=UTF-8 -Dsun.stderr.encoding=UTF-8 
java_command: co.develhope.swagger.SwaggerApplication
java_class_path (initial): C:\Users\Utente-PC\Documents\Develhope\Swagger-1\swagger-1\target\classes;C:\Users\Utente-PC\.m2\repository\org\springframework\boot\spring-boot-starter-web\2.6.5\spring-boot-starter-web-2.6.5.jar;C:\Users\Utente-PC\.m2\repository\org\springframework\boot\spring-boot-starter\2.6.5\spring-boot-starter-2.6.5.jar;C:\Users\Utente-PC\.m2\repository\org\springframework\boot\spring-boot-starter-logging\2.6.5\spring-boot-starter-logging-2.6.5.jar;C:\Users\Utente-PC\.m2\repository\ch\qos\logback\logback-classic\1.2.11\logback-classic-1.2.11.jar;C:\Users\Utente-PC\.m2\repository\ch\qos\logback\logback-core\1.2.11\logback-core-1.2.11.jar;C:\Users\Utente-PC\.m2\repository\org\apache\logging\log4j\log4j-to-slf4j\2.17.2\log4j-to-slf4j-2.17.2.jar;C:\Users\Utente-PC\.m2\repository\org\apache\logging\log4j\log4j-api\2.17.2\log4j-api-2.17.2.jar;C:\Users\Utente-PC\.m2\repository\org\slf4j\jul-to-slf4j\1.7.36\jul-to-slf4j-1.7.36.jar;C:\Users\Utente-PC\.m2\repository\jakarta\annotation\jakarta.annotation-api\1.3.5\jakarta.annotation-api-1.3.5.jar;C:\Users\Utente-PC\.m2\repository\org\yaml\snakeyaml\1.29\snakeyaml-1.29.jar;C:\Users\Utente-PC\.m2\repository\org\springframework\boot\spring-boot-starter-json\2.6.5\spring-boot-starter-json-2.6.5.jar;C:\Users\Utente-PC\.m2\repository\com\fasterxml\jackson\core\jackson-databind\2.13.2\jackson-databind-2.13.2.jar;C:\Users\Utente-PC\.m2\repository\com\fasterxml\jackson\core\jackson-annotations\2.13.2\jackson-annotations-2.13.2.jar;C:\Users\Utente-PC\.m2\repository\com\fasterxml\jackson\core\jackson-core\2.13.2\jackson-core-2.13.2.jar;C:\Users\Utente-PC\.m2\repository\com\fasterxml\jackson\datatype\jackson-datatype-jdk8\2.13.2\jackson-datatype-jdk8-2.13.2.jar;C:\Users\Utente-PC\.m2\repository\com\fasterxml\jackson\datatype\jackson-datatype-jsr310\2.13.2\jackson-datatype-jsr310-2.13.2.jar;C:\Users\Utente-PC\.m2\repository\com\fasterxml\jackson\module\jackson-module-parameter-names\2.13.2\jackson-module-parameter-names-2.13.2.jar;C:\Users\Utente-PC\.m2\repository\org\springframework\boot\spring-boot-starter-tomcat\2.6.5\spring-boot-starter-tomcat-2.6.5.jar;C:\Users\Utente-PC\.m2\repository\org\apache\tomcat\embed\tomcat-embed-core\9.0.60\tomcat-embed-core-9.0.60.jar;C:\Users\Utente-PC\.m2\repository\org\apache\tomcat\embed\tomcat-embed-el\9.0.60\tomcat-embed-el-9.0.60.jar;C:\Users\Utente-PC\.m2\repository\org\apache\tomcat\embed\tomcat-embed-websocket\9.0.60\tomcat-embed-websocket-9.0.60.jar;C:\Users\Utente-PC\.m2\repository\org\springframework\spring-web\5.3.17\spring-web-5.3.17.jar;C:\Users\Utente-PC\.m2\repository\org\springframework\spring-beans\5.3.17\spring-beans-5.3.17.jar;C:\Users\Utente-PC\.m2\repository\org\springframework\spring-webmvc\5.3.17\spring-webmvc-5.3.17.jar;C:\Users\Utente-PC\.m2\repository\org\springframework\spring-aop\5.3.17\spring-aop-5.3.17.jar;C:\Users\Utente-PC\.m2\repository\org\springframework\spring-context\5.3.17\spring-context-5.3.17.jar;C:\Users\Utente-PC\.m2\repository\org\springframework\spring-expression\5.3.17\spring-expression-5.3.17.jar;C:\Users\Utente-PC\.m2\repository\org\springframework\boot\spring-boot-devtools\2.6.5\spring-boot-devtools-2.6.5.jar;C:\Users\Utente-PC\.m2\repository\org\springframework\boot\spring-boot\2.6.5\spring-boot-2.6.5.jar;C:\Users\Utente-PC\.m2\repository\org\springframework\boot\spring-boot-autoconfigure\2.6.5\spring-boot-autoconfigure-2.6.5.jar;C:\Users\Utente-PC\.m2\repository\org\projectlombok\lombok\1.18.22\lombok-1.18.22.jar;C:\Users\Utente-PC\.m2\repository\net\bytebuddy\byte-buddy\1.11.22\byte-buddy-1.11.22.jar;C:\Users\Utente-PC\.m2\repository\org\springframework\spring-core\5.3.17\spring-core-5.3.17.jar;C:\Users\Utente-PC\.m2\repository\org\springframework\spring-jcl\5.3.17\spring-jcl-5.3.17.jar;C:\Users\Utente-PC\.m2\repository\io\springfox\springfox-boot-starter\3.0.0\springfox-boot-starter-3.0.0.jar;C:\Users\Utente-PC\.m2\repository\io\springfox\springfox-oas\3.0.0\springfox-oas-3.0.0.jar;C:\Users\Utente-PC\.m2\repository\io\swagger\core\v3\swagger-annotations\2.1.2\swagger-annotations-2.1.2.jar;C:\Users\Utente-PC\.m2\repository\io\swagger\core\v3\swagger-models\2.1.2\swagger-models-2.1.2.jar;C:\Users\Utente-PC\.m2\repository\io\springfox\springfox-spi\3.0.0\springfox-spi-3.0.0.jar;C:\Users\Utente-PC\.m2\repository\io\springfox\springfox-schema\3.0.0\springfox-schema-3.0.0.jar;C:\Users\Utente-PC\.m2\repository\io\springfox\springfox-core\3.0.0\springfox-core-3.0.0.jar;C:\Users\Utente-PC\.m2\repository\io\springfox\springfox-spring-web\3.0.0\springfox-spring-web-3.0.0.jar;C:\Users\Utente-PC\.m2\repository\io\github\classgraph\classgraph\4.8.83\classgraph-4.8.83.jar;C:\Users\Utente-PC\.m2\repository\io\springfox\springfox-spring-webmvc\3.0.0\springfox-spring-webmvc-3.0.0.jar;C:\Users\Utente-PC\.m2\repository\io\springfox\springfox-spring-webflux\3.0.0\springfox-spring-webflux-3.0.0.jar;C:\Users\Utente-PC\.m2\repository\io\springfox\springfox-swagger-common\3.0.0\springfox-swagger-common-3.0.0.jar;C:\Users\Utente-PC\.m2\repository\org\mapstruct\mapstruct\1.3.1.Final\mapstruct-1.3.1.Final.jar;C:\Users\Utente-PC\.m2\repository\io\springfox\springfox-data-rest\3.0.0\springfox-data-rest-3.0.0.jar;C:\Users\Utente-PC\.m2\repository\io\springfox\springfox-bean-validators\3.0.0\springfox-bean-validators-3.0.0.jar;C:\Users\Utente-PC\.m2\repository\io\springfox\springfox-swagger2\3.0.0\springfox-swagger2-3.0.0.jar;C:\Users\Utente-PC\.m2\repository\io\swagger\swagger-annotations\1.5.20\swagger-annotations-1.5.20.jar;C:\Users\Utente-PC\.m2\repository\io\swagger\swagger-models\1.5.20\swagger-models-1.5.20.jar;C:\Users\Utente-PC\.m2\repository\io\springfox\springfox-swagger-ui\3.0.0\springfox-swagger-ui-3.0.0.jar;C:\Users\Utente-PC\.m2\repository\com\fasterxml\classmate\1.5.1\classmate-1.5.1.jar;C:\Users\Utente-PC\.m2\repository\org\slf4j\slf4j-api\1.7.36\slf4j-api-1.7.36.jar;C:\Users\Utente-PC\.m2\repository\org\springframework\plugin\spring-plugin-core\2.0.0.RELEASE\spring-plugin-core-2.0.0.RELEASE.jar;C:\Users\Utente-PC\.m2\repository\org\springframework\plugin\spring-plugin-metadata\2.0.0.RELEASE\spring-plugin-metadata-2.0.0.RELEASE.jar
Launcher Type: SUN_STANDARD

[Global flags]
     intx CICompilerCount                          = 2                                         {product} {ergonomic}
     uint ConcGCThreads                            = 1                                         {product} {ergonomic}
     uint G1ConcRefinementThreads                  = 2                                         {product} {ergonomic}
   size_t G1HeapRegionSize                         = 1048576                                   {product} {ergonomic}
    uintx GCDrainStackTargetSize                   = 64                                        {product} {ergonomic}
   size_t InitialHeapSize                          = 100663296                                 {product} {ergonomic}
   size_t MarkStackSize                            = 4194304                                   {product} {ergonomic}
   size_t MaxHeapSize                              = 1583349760                                {product} {ergonomic}
   size_t MaxNewSize                               = 950009856                                 {product} {ergonomic}
   size_t MinHeapDeltaBytes                        = 1048576                                   {product} {ergonomic}
   size_t MinHeapSize                              = 8388608                                   {product} {ergonomic}
    uintx NonNMethodCodeHeapSize                   = 5826188                                {pd product} {ergonomic}
    uintx NonProfiledCodeHeapSize                  = 122916026                              {pd product} {ergonomic}
    uintx ProfiledCodeHeapSize                     = 122916026                              {pd product} {ergonomic}
    uintx ReservedCodeCacheSize                    = 251658240                              {pd product} {ergonomic}
     bool SegmentedCodeCache                       = true                                      {product} {ergonomic}
   size_t SoftMaxHeapSize                          = 1583349760                             {manageable} {ergonomic}
     bool UseCompressedClassPointers               = true                           {product lp64_product} {ergonomic}
     bool UseCompressedOops                        = true                           {product lp64_product} {ergonomic}
     bool UseG1GC                                  = true                                      {product} {ergonomic}
     bool UseLargePagesIndividualAllocation        = false                                  {pd product} {ergonomic}

Logging:
Log output configuration:
 #0: stdout all=warning uptime,level,tags foldmultilines=false
 #1: stderr all=off uptime,level,tags foldmultilines=false

Environment Variables:
PATH=C:\Program Files\Common Files\Oracle\Java\javapath;C:\Program Files (x86)\NVIDIA Corporation\PhysX\Common;C:\Windows\system32;C:\Windows;C:\Windows\System32\Wbem;C:\Windows\System32\WindowsPowerShell\v1.0\;C:\Program Files\nodejs\;C:\Program Files\Git\cmd;C:\Program Files\MySQL\MySQL Shell 8.0\bin\;C:\Users\Utente-PC\AppData\Local\Microsoft\WindowsApps;;C:\Users\Utente-PC\AppData\Local\Programs\Microsoft VS Code\bin;C:\Users\Utente-PC\AppData\Roaming\npm
USERNAME=Utente-PC
OS=Windows_NT
PROCESSOR_IDENTIFIER=Intel64 Family 6 Model 42 Stepping 7, GenuineIntel
TMP=C:\Users\UTENTE~1\AppData\Local\Temp
TEMP=C:\Users\UTENTE~1\AppData\Local\Temp



---------------  S Y S T E M  ---------------

OS:
 Windows 10 , 64 bit Build 19041 (10.0.19041.2546)
OS uptime: 2 days 0:21 hours

CPU: total 2 (initial active 2) (2 cores per cpu, 1 threads per core) family 6 model 42 stepping 7 microcode 0x2f, cx8, cmov, fxsr, mmx, sse, sse2, sse3, ssse3, sse4.1, sse4.2, popcnt, tsc, tscinvbit, clmul, clflush, rdtscp

Memory: 4k page, system-wide physical 6033M (381M free)
TotalPageFile size 6033M (AvailPageFile size 5M)
current process WorkingSet (physical memory assigned to process): 137M, peak: 137M
current process commit charge ("private bytes"): 209M, peak: 210M

vm_info: OpenJDK 64-Bit Server VM (19.0.2+7-44) for windows-amd64 JRE (19.0.2+7-44), built on 2022-11-30T18:02:09Z by "mach5one" with MS VC++ 17.1 (VS2022)

END.
